{"/Users/weidawubidejiyang/github/chat-ok/src/pages/dc/utils/checkInHelper.ts": {"path":"/Users/weidawubidejiyang/github/chat-ok/src/pages/dc/utils/checkInHelper.ts","all":false,"statementMap":{"0":{"start":{"line":1,"column":0},"end":{"line":1,"column":3}},"1":{"start":{"line":2,"column":0},"end":{"line":2,"column":9}},"2":{"start":{"line":3,"column":0},"end":{"line":3,"column":39}},"3":{"start":{"line":4,"column":0},"end":{"line":4,"column":2}},"4":{"start":{"line":5,"column":0},"end":{"line":5,"column":6}},"5":{"start":{"line":6,"column":0},"end":{"line":6,"column":10}},"6":{"start":{"line":7,"column":0},"end":{"line":7,"column":12}},"7":{"start":{"line":8,"column":0},"end":{"line":8,"column":14}},"8":{"start":{"line":9,"column":0},"end":{"line":9,"column":12}},"9":{"start":{"line":10,"column":0},"end":{"line":10,"column":12}},"10":{"start":{"line":11,"column":0},"end":{"line":11,"column":12}},"11":{"start":{"line":12,"column":0},"end":{"line":12,"column":3}},"12":{"start":{"line":13,"column":0},"end":{"line":13,"column":0}},"13":{"start":{"line":14,"column":0},"end":{"line":14,"column":26}},"14":{"start":{"line":15,"column":0},"end":{"line":15,"column":13}},"15":{"start":{"line":16,"column":0},"end":{"line":16,"column":7}},"16":{"start":{"line":17,"column":0},"end":{"line":17,"column":16}},"17":{"start":{"line":18,"column":0},"end":{"line":18,"column":15}},"18":{"start":{"line":19,"column":0},"end":{"line":19,"column":21}},"19":{"start":{"line":20,"column":0},"end":{"line":20,"column":15}},"20":{"start":{"line":21,"column":0},"end":{"line":21,"column":12}},"21":{"start":{"line":22,"column":0},"end":{"line":22,"column":18}},"22":{"start":{"line":23,"column":0},"end":{"line":23,"column":0}},"23":{"start":{"line":24,"column":0},"end":{"line":24,"column":33}},"24":{"start":{"line":25,"column":0},"end":{"line":25,"column":0}},"25":{"start":{"line":26,"column":0},"end":{"line":26,"column":42}},"26":{"start":{"line":27,"column":0},"end":{"line":27,"column":15}},"27":{"start":{"line":28,"column":0},"end":{"line":28,"column":19}},"28":{"start":{"line":29,"column":0},"end":{"line":29,"column":17}},"29":{"start":{"line":30,"column":0},"end":{"line":30,"column":18}},"30":{"start":{"line":31,"column":0},"end":{"line":31,"column":1}},"31":{"start":{"line":32,"column":0},"end":{"line":32,"column":0}},"32":{"start":{"line":33,"column":0},"end":{"line":33,"column":31}},"33":{"start":{"line":34,"column":0},"end":{"line":34,"column":17}},"34":{"start":{"line":35,"column":0},"end":{"line":35,"column":24}},"35":{"start":{"line":36,"column":0},"end":{"line":36,"column":17}},"36":{"start":{"line":37,"column":0},"end":{"line":37,"column":24}},"37":{"start":{"line":38,"column":0},"end":{"line":38,"column":1}},"38":{"start":{"line":39,"column":0},"end":{"line":39,"column":0}},"39":{"start":{"line":40,"column":0},"end":{"line":40,"column":45}},"40":{"start":{"line":41,"column":0},"end":{"line":41,"column":16}},"41":{"start":{"line":42,"column":0},"end":{"line":42,"column":26}},"42":{"start":{"line":43,"column":0},"end":{"line":43,"column":15}},"43":{"start":{"line":44,"column":0},"end":{"line":44,"column":26}},"44":{"start":{"line":45,"column":0},"end":{"line":45,"column":17}},"45":{"start":{"line":46,"column":0},"end":{"line":46,"column":24}},"46":{"start":{"line":47,"column":0},"end":{"line":47,"column":16}},"47":{"start":{"line":48,"column":0},"end":{"line":48,"column":25}},"48":{"start":{"line":49,"column":0},"end":{"line":49,"column":1}},"49":{"start":{"line":50,"column":0},"end":{"line":50,"column":0}},"50":{"start":{"line":51,"column":0},"end":{"line":51,"column":40}},"51":{"start":{"line":52,"column":0},"end":{"line":52,"column":17}},"52":{"start":{"line":53,"column":0},"end":{"line":53,"column":30}},"53":{"start":{"line":54,"column":0},"end":{"line":54,"column":16}},"54":{"start":{"line":55,"column":0},"end":{"line":55,"column":23}},"55":{"start":{"line":56,"column":0},"end":{"line":56,"column":1}},"56":{"start":{"line":57,"column":0},"end":{"line":57,"column":0}},"57":{"start":{"line":58,"column":0},"end":{"line":58,"column":33}},"58":{"start":{"line":59,"column":0},"end":{"line":59,"column":0}},"59":{"start":{"line":60,"column":0},"end":{"line":60,"column":3}},"60":{"start":{"line":61,"column":0},"end":{"line":61,"column":10}},"61":{"start":{"line":62,"column":0},"end":{"line":62,"column":3}},"62":{"start":{"line":63,"column":0},"end":{"line":63,"column":34}},"63":{"start":{"line":64,"column":0},"end":{"line":64,"column":68}},"64":{"start":{"line":65,"column":0},"end":{"line":65,"column":2}},"65":{"start":{"line":66,"column":0},"end":{"line":66,"column":0}},"66":{"start":{"line":67,"column":0},"end":{"line":67,"column":33}},"67":{"start":{"line":68,"column":0},"end":{"line":68,"column":0}},"68":{"start":{"line":69,"column":0},"end":{"line":69,"column":3}},"69":{"start":{"line":70,"column":0},"end":{"line":70,"column":11}},"70":{"start":{"line":71,"column":0},"end":{"line":71,"column":2}},"71":{"start":{"line":72,"column":0},"end":{"line":72,"column":21}},"72":{"start":{"line":73,"column":0},"end":{"line":73,"column":33}},"73":{"start":{"line":74,"column":0},"end":{"line":74,"column":16}},"74":{"start":{"line":75,"column":0},"end":{"line":75,"column":3}},"75":{"start":{"line":76,"column":0},"end":{"line":76,"column":32}},"76":{"start":{"line":77,"column":0},"end":{"line":77,"column":36}},"77":{"start":{"line":78,"column":0},"end":{"line":78,"column":31}},"78":{"start":{"line":79,"column":0},"end":{"line":79,"column":28}},"79":{"start":{"line":80,"column":0},"end":{"line":80,"column":16}},"80":{"start":{"line":81,"column":0},"end":{"line":81,"column":18}},"81":{"start":{"line":82,"column":0},"end":{"line":82,"column":12}},"82":{"start":{"line":83,"column":0},"end":{"line":83,"column":42}},"83":{"start":{"line":84,"column":0},"end":{"line":84,"column":60}},"84":{"start":{"line":85,"column":0},"end":{"line":85,"column":6}},"85":{"start":{"line":86,"column":0},"end":{"line":86,"column":3}},"86":{"start":{"line":87,"column":0},"end":{"line":87,"column":0}},"87":{"start":{"line":88,"column":0},"end":{"line":88,"column":27}},"88":{"start":{"line":89,"column":0},"end":{"line":89,"column":0}},"89":{"start":{"line":90,"column":0},"end":{"line":90,"column":25}},"90":{"start":{"line":91,"column":0},"end":{"line":91,"column":47}},"91":{"start":{"line":92,"column":0},"end":{"line":92,"column":43}},"92":{"start":{"line":93,"column":0},"end":{"line":93,"column":53}},"93":{"start":{"line":94,"column":0},"end":{"line":94,"column":5}},"94":{"start":{"line":95,"column":0},"end":{"line":95,"column":35}},"95":{"start":{"line":96,"column":0},"end":{"line":96,"column":56}},"96":{"start":{"line":97,"column":0},"end":{"line":97,"column":81}},"97":{"start":{"line":98,"column":0},"end":{"line":98,"column":28}},"98":{"start":{"line":99,"column":0},"end":{"line":99,"column":36}},"99":{"start":{"line":100,"column":0},"end":{"line":100,"column":21}},"100":{"start":{"line":101,"column":0},"end":{"line":101,"column":40}},"101":{"start":{"line":102,"column":0},"end":{"line":102,"column":5}},"102":{"start":{"line":103,"column":0},"end":{"line":103,"column":35}},"103":{"start":{"line":104,"column":0},"end":{"line":104,"column":53}},"104":{"start":{"line":105,"column":0},"end":{"line":105,"column":81}},"105":{"start":{"line":106,"column":0},"end":{"line":106,"column":55}},"106":{"start":{"line":107,"column":0},"end":{"line":107,"column":53}},"107":{"start":{"line":108,"column":0},"end":{"line":108,"column":5}},"108":{"start":{"line":109,"column":0},"end":{"line":109,"column":3}},"109":{"start":{"line":110,"column":0},"end":{"line":110,"column":0}},"110":{"start":{"line":111,"column":0},"end":{"line":111,"column":27}},"111":{"start":{"line":112,"column":0},"end":{"line":112,"column":1}},"112":{"start":{"line":113,"column":0},"end":{"line":113,"column":0}},"113":{"start":{"line":114,"column":0},"end":{"line":114,"column":3}},"114":{"start":{"line":115,"column":0},"end":{"line":115,"column":11}},"115":{"start":{"line":116,"column":0},"end":{"line":116,"column":2}},"116":{"start":{"line":117,"column":0},"end":{"line":117,"column":24}},"117":{"start":{"line":118,"column":0},"end":{"line":118,"column":21}},"118":{"start":{"line":119,"column":0},"end":{"line":119,"column":18}},"119":{"start":{"line":120,"column":0},"end":{"line":120,"column":3}},"120":{"start":{"line":121,"column":0},"end":{"line":121,"column":81}},"121":{"start":{"line":122,"column":0},"end":{"line":122,"column":10}},"122":{"start":{"line":123,"column":0},"end":{"line":123,"column":32}},"123":{"start":{"line":124,"column":0},"end":{"line":124,"column":37}},"124":{"start":{"line":125,"column":0},"end":{"line":125,"column":17}},"125":{"start":{"line":126,"column":0},"end":{"line":126,"column":27}},"126":{"start":{"line":127,"column":0},"end":{"line":127,"column":4}},"127":{"start":{"line":128,"column":0},"end":{"line":128,"column":1}},"128":{"start":{"line":129,"column":0},"end":{"line":129,"column":0}},"129":{"start":{"line":130,"column":0},"end":{"line":130,"column":3}},"130":{"start":{"line":131,"column":0},"end":{"line":131,"column":11}},"131":{"start":{"line":132,"column":0},"end":{"line":132,"column":2}},"132":{"start":{"line":133,"column":0},"end":{"line":133,"column":29}},"133":{"start":{"line":134,"column":0},"end":{"line":134,"column":24}},"134":{"start":{"line":135,"column":0},"end":{"line":135,"column":33}},"135":{"start":{"line":136,"column":0},"end":{"line":136,"column":24}},"136":{"start":{"line":137,"column":0},"end":{"line":137,"column":20}},"137":{"start":{"line":138,"column":0},"end":{"line":138,"column":3}},"138":{"start":{"line":139,"column":0},"end":{"line":139,"column":37}},"139":{"start":{"line":140,"column":0},"end":{"line":140,"column":32}},"140":{"start":{"line":141,"column":0},"end":{"line":141,"column":22}},"141":{"start":{"line":142,"column":0},"end":{"line":142,"column":15}},"142":{"start":{"line":143,"column":0},"end":{"line":143,"column":16}},"143":{"start":{"line":144,"column":0},"end":{"line":144,"column":25}},"144":{"start":{"line":145,"column":0},"end":{"line":145,"column":34}},"145":{"start":{"line":146,"column":0},"end":{"line":146,"column":70}},"146":{"start":{"line":147,"column":0},"end":{"line":147,"column":0}},"147":{"start":{"line":148,"column":0},"end":{"line":148,"column":30}},"148":{"start":{"line":149,"column":0},"end":{"line":149,"column":13}},"149":{"start":{"line":150,"column":0},"end":{"line":150,"column":71}},"150":{"start":{"line":151,"column":0},"end":{"line":151,"column":36}},"151":{"start":{"line":152,"column":0},"end":{"line":152,"column":38}},"152":{"start":{"line":153,"column":0},"end":{"line":153,"column":20}},"153":{"start":{"line":154,"column":0},"end":{"line":154,"column":43}},"154":{"start":{"line":155,"column":0},"end":{"line":155,"column":80}},"155":{"start":{"line":156,"column":0},"end":{"line":156,"column":6}},"156":{"start":{"line":157,"column":0},"end":{"line":157,"column":10}},"157":{"start":{"line":158,"column":0},"end":{"line":158,"column":15}},"158":{"start":{"line":159,"column":0},"end":{"line":159,"column":21}},"159":{"start":{"line":160,"column":0},"end":{"line":160,"column":11}},"160":{"start":{"line":161,"column":0},"end":{"line":161,"column":20}},"161":{"start":{"line":162,"column":0},"end":{"line":162,"column":23}},"162":{"start":{"line":163,"column":0},"end":{"line":163,"column":29}},"163":{"start":{"line":164,"column":0},"end":{"line":164,"column":7}},"164":{"start":{"line":165,"column":0},"end":{"line":165,"column":3}},"165":{"start":{"line":166,"column":0},"end":{"line":166,"column":0}},"166":{"start":{"line":167,"column":0},"end":{"line":167,"column":20}},"167":{"start":{"line":168,"column":0},"end":{"line":168,"column":1}},"168":{"start":{"line":169,"column":0},"end":{"line":169,"column":0}},"169":{"start":{"line":170,"column":0},"end":{"line":170,"column":3}},"170":{"start":{"line":171,"column":0},"end":{"line":171,"column":11}},"171":{"start":{"line":172,"column":0},"end":{"line":172,"column":2}},"172":{"start":{"line":173,"column":0},"end":{"line":173,"column":26}},"173":{"start":{"line":174,"column":0},"end":{"line":174,"column":36}},"174":{"start":{"line":175,"column":0},"end":{"line":175,"column":20}},"175":{"start":{"line":176,"column":0},"end":{"line":176,"column":3}},"176":{"start":{"line":177,"column":0},"end":{"line":177,"column":32}},"177":{"start":{"line":178,"column":0},"end":{"line":178,"column":32}},"178":{"start":{"line":179,"column":0},"end":{"line":179,"column":15}},"179":{"start":{"line":180,"column":0},"end":{"line":180,"column":17}},"180":{"start":{"line":181,"column":0},"end":{"line":181,"column":34}},"181":{"start":{"line":182,"column":0},"end":{"line":182,"column":51}},"182":{"start":{"line":183,"column":0},"end":{"line":183,"column":12}},"183":{"start":{"line":184,"column":0},"end":{"line":184,"column":0}},"184":{"start":{"line":185,"column":0},"end":{"line":185,"column":24}},"185":{"start":{"line":186,"column":0},"end":{"line":186,"column":31}},"186":{"start":{"line":187,"column":0},"end":{"line":187,"column":0}},"187":{"start":{"line":188,"column":0},"end":{"line":188,"column":64}},"188":{"start":{"line":189,"column":0},"end":{"line":189,"column":20}},"189":{"start":{"line":190,"column":0},"end":{"line":190,"column":45}},"190":{"start":{"line":191,"column":0},"end":{"line":191,"column":3}},"191":{"start":{"line":192,"column":0},"end":{"line":192,"column":0}},"192":{"start":{"line":193,"column":0},"end":{"line":193,"column":16}},"193":{"start":{"line":194,"column":0},"end":{"line":194,"column":41}},"194":{"start":{"line":195,"column":0},"end":{"line":195,"column":34}},"195":{"start":{"line":196,"column":0},"end":{"line":196,"column":17}},"196":{"start":{"line":197,"column":0},"end":{"line":197,"column":4}},"197":{"start":{"line":198,"column":0},"end":{"line":198,"column":0}},"198":{"start":{"line":199,"column":0},"end":{"line":199,"column":10}},"199":{"start":{"line":200,"column":0},"end":{"line":200,"column":18}},"200":{"start":{"line":201,"column":0},"end":{"line":201,"column":65}},"201":{"start":{"line":202,"column":0},"end":{"line":202,"column":4}},"202":{"start":{"line":203,"column":0},"end":{"line":203,"column":1}},"203":{"start":{"line":204,"column":0},"end":{"line":204,"column":0}},"204":{"start":{"line":205,"column":0},"end":{"line":205,"column":3}},"205":{"start":{"line":206,"column":0},"end":{"line":206,"column":15}},"206":{"start":{"line":207,"column":0},"end":{"line":207,"column":2}},"207":{"start":{"line":208,"column":0},"end":{"line":208,"column":19}},"208":{"start":{"line":209,"column":0},"end":{"line":209,"column":30}},"209":{"start":{"line":210,"column":0},"end":{"line":210,"column":18}},"210":{"start":{"line":211,"column":0},"end":{"line":211,"column":3}},"211":{"start":{"line":212,"column":0},"end":{"line":212,"column":46}},"212":{"start":{"line":213,"column":0},"end":{"line":213,"column":13}},"213":{"start":{"line":214,"column":0},"end":{"line":214,"column":31}},"214":{"start":{"line":215,"column":0},"end":{"line":215,"column":31}},"215":{"start":{"line":216,"column":0},"end":{"line":216,"column":62}},"216":{"start":{"line":217,"column":0},"end":{"line":217,"column":47}},"217":{"start":{"line":218,"column":0},"end":{"line":218,"column":36}},"218":{"start":{"line":219,"column":0},"end":{"line":219,"column":53}},"219":{"start":{"line":220,"column":0},"end":{"line":220,"column":39}},"220":{"start":{"line":221,"column":0},"end":{"line":221,"column":0}},"221":{"start":{"line":222,"column":0},"end":{"line":222,"column":19}},"222":{"start":{"line":223,"column":0},"end":{"line":223,"column":55}},"223":{"start":{"line":224,"column":0},"end":{"line":224,"column":52}},"224":{"start":{"line":225,"column":0},"end":{"line":225,"column":82}},"225":{"start":{"line":226,"column":0},"end":{"line":226,"column":78}},"226":{"start":{"line":227,"column":0},"end":{"line":227,"column":0}},"227":{"start":{"line":228,"column":0},"end":{"line":228,"column":14}},"228":{"start":{"line":229,"column":0},"end":{"line":229,"column":42}},"229":{"start":{"line":230,"column":0},"end":{"line":230,"column":67}},"230":{"start":{"line":231,"column":0},"end":{"line":231,"column":4}},"231":{"start":{"line":232,"column":0},"end":{"line":232,"column":0}},"232":{"start":{"line":233,"column":0},"end":{"line":233,"column":32}},"233":{"start":{"line":234,"column":0},"end":{"line":234,"column":25}},"234":{"start":{"line":235,"column":0},"end":{"line":235,"column":0}},"235":{"start":{"line":236,"column":0},"end":{"line":236,"column":25}},"236":{"start":{"line":237,"column":0},"end":{"line":237,"column":35}},"237":{"start":{"line":238,"column":0},"end":{"line":238,"column":91}},"238":{"start":{"line":239,"column":0},"end":{"line":239,"column":102}},"239":{"start":{"line":240,"column":0},"end":{"line":240,"column":10}},"240":{"start":{"line":241,"column":0},"end":{"line":241,"column":86}},"241":{"start":{"line":242,"column":0},"end":{"line":242,"column":97}},"242":{"start":{"line":243,"column":0},"end":{"line":243,"column":3}},"243":{"start":{"line":244,"column":0},"end":{"line":244,"column":0}},"244":{"start":{"line":245,"column":0},"end":{"line":245,"column":96}},"245":{"start":{"line":246,"column":0},"end":{"line":246,"column":51}},"246":{"start":{"line":247,"column":0},"end":{"line":247,"column":86}},"247":{"start":{"line":248,"column":0},"end":{"line":248,"column":0}},"248":{"start":{"line":249,"column":0},"end":{"line":249,"column":38}},"249":{"start":{"line":250,"column":0},"end":{"line":250,"column":42}},"250":{"start":{"line":251,"column":0},"end":{"line":251,"column":73}},"251":{"start":{"line":252,"column":0},"end":{"line":252,"column":0}},"252":{"start":{"line":253,"column":0},"end":{"line":253,"column":10}},"253":{"start":{"line":254,"column":0},"end":{"line":254,"column":20}},"254":{"start":{"line":255,"column":0},"end":{"line":255,"column":20}},"255":{"start":{"line":256,"column":0},"end":{"line":256,"column":18}},"256":{"start":{"line":257,"column":0},"end":{"line":257,"column":18}},"257":{"start":{"line":258,"column":0},"end":{"line":258,"column":4}},"258":{"start":{"line":259,"column":0},"end":{"line":259,"column":1}},"259":{"start":{"line":260,"column":0},"end":{"line":260,"column":0}},"260":{"start":{"line":261,"column":0},"end":{"line":261,"column":3}},"261":{"start":{"line":262,"column":0},"end":{"line":262,"column":13}},"262":{"start":{"line":263,"column":0},"end":{"line":263,"column":2}},"263":{"start":{"line":264,"column":0},"end":{"line":264,"column":35}},"264":{"start":{"line":265,"column":0},"end":{"line":265,"column":33}},"265":{"start":{"line":266,"column":0},"end":{"line":266,"column":29}},"266":{"start":{"line":267,"column":0},"end":{"line":267,"column":20}},"267":{"start":{"line":268,"column":0},"end":{"line":268,"column":3}},"268":{"start":{"line":269,"column":0},"end":{"line":269,"column":38}},"269":{"start":{"line":270,"column":0},"end":{"line":270,"column":25}},"270":{"start":{"line":271,"column":0},"end":{"line":271,"column":24}},"271":{"start":{"line":272,"column":0},"end":{"line":272,"column":22}},"272":{"start":{"line":273,"column":0},"end":{"line":273,"column":26}},"273":{"start":{"line":274,"column":0},"end":{"line":274,"column":74}},"274":{"start":{"line":275,"column":0},"end":{"line":275,"column":0}},"275":{"start":{"line":276,"column":0},"end":{"line":276,"column":10}},"276":{"start":{"line":277,"column":0},"end":{"line":277,"column":23}},"277":{"start":{"line":278,"column":0},"end":{"line":278,"column":62}},"278":{"start":{"line":279,"column":0},"end":{"line":279,"column":4}},"279":{"start":{"line":280,"column":0},"end":{"line":280,"column":1}},"280":{"start":{"line":281,"column":0},"end":{"line":281,"column":0}},"281":{"start":{"line":282,"column":0},"end":{"line":282,"column":3}},"282":{"start":{"line":283,"column":0},"end":{"line":283,"column":11}},"283":{"start":{"line":284,"column":0},"end":{"line":284,"column":2}},"284":{"start":{"line":285,"column":0},"end":{"line":285,"column":33}},"285":{"start":{"line":286,"column":0},"end":{"line":286,"column":23}},"286":{"start":{"line":287,"column":0},"end":{"line":287,"column":24}},"287":{"start":{"line":288,"column":0},"end":{"line":288,"column":21}},"288":{"start":{"line":289,"column":0},"end":{"line":289,"column":18}},"289":{"start":{"line":290,"column":0},"end":{"line":290,"column":3}},"290":{"start":{"line":291,"column":0},"end":{"line":291,"column":38}},"291":{"start":{"line":292,"column":0},"end":{"line":292,"column":15}},"292":{"start":{"line":293,"column":0},"end":{"line":293,"column":20}},"293":{"start":{"line":294,"column":0},"end":{"line":294,"column":17}},"294":{"start":{"line":295,"column":0},"end":{"line":295,"column":15}},"295":{"start":{"line":296,"column":0},"end":{"line":296,"column":15}},"296":{"start":{"line":297,"column":0},"end":{"line":297,"column":10}},"297":{"start":{"line":298,"column":0},"end":{"line":298,"column":21}},"298":{"start":{"line":299,"column":0},"end":{"line":299,"column":30}},"299":{"start":{"line":300,"column":0},"end":{"line":300,"column":9}},"300":{"start":{"line":301,"column":0},"end":{"line":301,"column":14}},"301":{"start":{"line":302,"column":0},"end":{"line":302,"column":13}},"302":{"start":{"line":303,"column":0},"end":{"line":303,"column":10}},"303":{"start":{"line":304,"column":0},"end":{"line":304,"column":27}},"304":{"start":{"line":305,"column":0},"end":{"line":305,"column":4}},"305":{"start":{"line":306,"column":0},"end":{"line":306,"column":1}},"306":{"start":{"line":307,"column":0},"end":{"line":307,"column":0}},"307":{"start":{"line":308,"column":0},"end":{"line":308,"column":3}},"308":{"start":{"line":309,"column":0},"end":{"line":309,"column":17}},"309":{"start":{"line":310,"column":0},"end":{"line":310,"column":2}},"310":{"start":{"line":311,"column":0},"end":{"line":311,"column":19}},"311":{"start":{"line":312,"column":0},"end":{"line":312,"column":35}},"312":{"start":{"line":313,"column":0},"end":{"line":313,"column":20}},"313":{"start":{"line":314,"column":0},"end":{"line":314,"column":3}},"314":{"start":{"line":315,"column":0},"end":{"line":315,"column":44}},"315":{"start":{"line":316,"column":0},"end":{"line":316,"column":13}},"316":{"start":{"line":317,"column":0},"end":{"line":317,"column":24}},"317":{"start":{"line":318,"column":0},"end":{"line":318,"column":19}},"318":{"start":{"line":319,"column":0},"end":{"line":319,"column":52}},"319":{"start":{"line":320,"column":0},"end":{"line":320,"column":67}},"320":{"start":{"line":321,"column":0},"end":{"line":321,"column":36}},"321":{"start":{"line":322,"column":0},"end":{"line":322,"column":1}},"322":{"start":{"line":323,"column":0},"end":{"line":323,"column":0}},"323":{"start":{"line":324,"column":0},"end":{"line":324,"column":3}},"324":{"start":{"line":325,"column":0},"end":{"line":325,"column":23}},"325":{"start":{"line":326,"column":0},"end":{"line":326,"column":2}},"326":{"start":{"line":327,"column":0},"end":{"line":327,"column":34}},"327":{"start":{"line":328,"column":0},"end":{"line":328,"column":32}},"328":{"start":{"line":329,"column":0},"end":{"line":329,"column":22}},"329":{"start":{"line":330,"column":0},"end":{"line":330,"column":3}},"330":{"start":{"line":331,"column":0},"end":{"line":331,"column":43}},"331":{"start":{"line":332,"column":0},"end":{"line":332,"column":33}},"332":{"start":{"line":333,"column":0},"end":{"line":333,"column":43}},"333":{"start":{"line":334,"column":0},"end":{"line":334,"column":17}},"334":{"start":{"line":335,"column":0},"end":{"line":335,"column":10}},"335":{"start":{"line":336,"column":0},"end":{"line":336,"column":24}},"336":{"start":{"line":337,"column":0},"end":{"line":337,"column":51}},"337":{"start":{"line":338,"column":0},"end":{"line":338,"column":51}},"338":{"start":{"line":339,"column":0},"end":{"line":339,"column":47}},"339":{"start":{"line":340,"column":0},"end":{"line":340,"column":49}},"340":{"start":{"line":341,"column":0},"end":{"line":341,"column":40}},"341":{"start":{"line":342,"column":0},"end":{"line":342,"column":4}},"342":{"start":{"line":343,"column":0},"end":{"line":343,"column":1}}},"s":{"0":1,"1":1,"2":1,"3":1,"4":1,"5":1,"6":1,"7":1,"8":1,"9":1,"10":1,"11":1,"12":1,"13":1,"14":1,"15":1,"16":1,"17":1,"18":1,"19":1,"20":1,"21":1,"22":1,"23":1,"24":1,"25":1,"26":1,"27":1,"28":1,"29":1,"30":1,"31":1,"32":1,"33":1,"34":1,"35":1,"36":1,"37":1,"38":1,"39":1,"40":1,"41":1,"42":1,"43":1,"44":1,"45":1,"46":1,"47":1,"48":1,"49":1,"50":1,"51":1,"52":1,"53":1,"54":1,"55":1,"56":1,"57":1,"58":1,"59":1,"60":1,"61":1,"62":1,"63":3,"64":3,"65":1,"66":1,"67":1,"68":1,"69":1,"70":1,"71":1,"72":1,"73":1,"74":1,"75":1,"76":13,"77":13,"78":13,"79":13,"80":2,"81":2,"82":2,"83":2,"84":2,"85":2,"86":11,"87":11,"88":11,"89":13,"90":4,"91":4,"92":2,"93":2,"94":13,"95":3,"96":3,"97":3,"98":3,"99":2,"100":2,"101":2,"102":7,"103":4,"104":4,"105":4,"106":2,"107":2,"108":4,"109":7,"110":7,"111":7,"112":1,"113":1,"114":1,"115":1,"116":1,"117":1,"118":1,"119":1,"120":1,"121":4,"122":4,"123":4,"124":4,"125":4,"126":4,"127":4,"128":1,"129":1,"130":1,"131":1,"132":1,"133":1,"134":1,"135":1,"136":1,"137":1,"138":1,"139":4,"140":4,"141":4,"142":4,"143":4,"144":4,"145":4,"146":4,"147":4,"148":1,"149":1,"150":1,"151":1,"152":1,"153":1,"154":1,"155":1,"156":4,"157":3,"158":3,"159":3,"160":3,"161":3,"162":3,"163":3,"164":3,"165":4,"166":4,"167":4,"168":1,"169":1,"170":1,"171":1,"172":1,"173":1,"174":1,"175":1,"176":1,"177":5,"178":5,"179":5,"180":5,"181":5,"182":5,"183":5,"184":5,"185":5,"186":5,"187":5,"188":6,"189":6,"190":6,"191":5,"192":5,"193":5,"194":5,"195":5,"196":5,"197":5,"198":5,"199":5,"200":5,"201":5,"202":5,"203":1,"204":1,"205":1,"206":1,"207":1,"208":1,"209":1,"210":1,"211":1,"212":8,"213":8,"214":8,"215":8,"216":8,"217":8,"218":8,"219":8,"220":8,"221":8,"222":8,"223":8,"224":8,"225":8,"226":8,"227":8,"228":8,"229":32,"230":8,"231":8,"232":8,"233":8,"234":8,"235":8,"236":6,"237":6,"238":6,"239":8,"240":2,"241":2,"242":2,"243":8,"244":8,"245":8,"246":8,"247":8,"248":8,"249":8,"250":8,"251":8,"252":8,"253":8,"254":8,"255":8,"256":8,"257":8,"258":8,"259":1,"260":1,"261":1,"262":1,"263":1,"264":1,"265":1,"266":1,"267":1,"268":1,"269":4,"270":4,"271":4,"272":4,"273":4,"274":4,"275":4,"276":4,"277":4,"278":4,"279":4,"280":1,"281":1,"282":1,"283":1,"284":1,"285":1,"286":1,"287":1,"288":1,"289":1,"290":1,"291":3,"292":3,"293":3,"294":3,"295":3,"296":3,"297":3,"298":3,"299":3,"300":3,"301":3,"302":3,"303":3,"304":3,"305":3,"306":1,"307":1,"308":1,"309":1,"310":1,"311":1,"312":1,"313":1,"314":1,"315":4,"316":4,"317":4,"318":4,"319":4,"320":4,"321":4,"322":1,"323":1,"324":1,"325":1,"326":1,"327":1,"328":1,"329":1,"330":1,"331":2,"332":2,"333":2,"334":2,"335":2,"336":2,"337":2,"338":2,"339":2,"340":2,"341":2,"342":2},"branchMap":{"0":{"type":"branch","line":63,"loc":{"start":{"line":63,"column":19},"end":{"line":65,"column":2}},"locations":[{"start":{"line":63,"column":19},"end":{"line":65,"column":2}}]},"1":{"type":"branch","line":76,"loc":{"start":{"line":76,"column":7},"end":{"line":112,"column":1}},"locations":[{"start":{"line":76,"column":7},"end":{"line":112,"column":1}}]},"2":{"type":"branch","line":80,"loc":{"start":{"line":80,"column":15},"end":{"line":86,"column":3}},"locations":[{"start":{"line":80,"column":15},"end":{"line":86,"column":3}}]},"3":{"type":"branch","line":84,"loc":{"start":{"line":84,"column":37},"end":{"line":84,"column":51}},"locations":[{"start":{"line":84,"column":37},"end":{"line":84,"column":51}}]},"4":{"type":"branch","line":84,"loc":{"start":{"line":84,"column":41},"end":{"line":84,"column":60}},"locations":[{"start":{"line":84,"column":41},"end":{"line":84,"column":60}}]},"5":{"type":"branch","line":86,"loc":{"start":{"line":86,"column":2},"end":{"line":90,"column":24}},"locations":[{"start":{"line":86,"column":2},"end":{"line":90,"column":24}}]},"6":{"type":"branch","line":90,"loc":{"start":{"line":90,"column":24},"end":{"line":95,"column":13}},"locations":[{"start":{"line":90,"column":24},"end":{"line":95,"column":13}}]},"7":{"type":"branch","line":91,"loc":{"start":{"line":91,"column":28},"end":{"line":91,"column":47}},"locations":[{"start":{"line":91,"column":28},"end":{"line":91,"column":47}}]},"8":{"type":"branch","line":92,"loc":{"start":{"line":92,"column":42},"end":{"line":94,"column":5}},"locations":[{"start":{"line":92,"column":42},"end":{"line":94,"column":5}}]},"9":{"type":"branch","line":95,"loc":{"start":{"line":95,"column":2},"end":{"line":112,"column":1}},"locations":[{"start":{"line":95,"column":2},"end":{"line":112,"column":1}}]},"10":{"type":"branch","line":95,"loc":{"start":{"line":95,"column":34},"end":{"line":103,"column":13}},"locations":[{"start":{"line":95,"column":34},"end":{"line":103,"column":13}}]},"11":{"type":"branch","line":96,"loc":{"start":{"line":96,"column":31},"end":{"line":96,"column":56}},"locations":[{"start":{"line":96,"column":31},"end":{"line":96,"column":56}}]},"12":{"type":"branch","line":99,"loc":{"start":{"line":99,"column":35},"end":{"line":102,"column":5}},"locations":[{"start":{"line":99,"column":35},"end":{"line":102,"column":5}}]},"13":{"type":"branch","line":103,"loc":{"start":{"line":103,"column":2},"end":{"line":109,"column":3}},"locations":[{"start":{"line":103,"column":2},"end":{"line":109,"column":3}}]},"14":{"type":"branch","line":104,"loc":{"start":{"line":104,"column":31},"end":{"line":104,"column":53}},"locations":[{"start":{"line":104,"column":31},"end":{"line":104,"column":53}}]},"15":{"type":"branch","line":106,"loc":{"start":{"line":106,"column":22},"end":{"line":106,"column":54}},"locations":[{"start":{"line":106,"column":22},"end":{"line":106,"column":54}}]},"16":{"type":"branch","line":106,"loc":{"start":{"line":106,"column":54},"end":{"line":108,"column":5}},"locations":[{"start":{"line":106,"column":54},"end":{"line":108,"column":5}}]},"17":{"type":"branch","line":97,"loc":{"start":{"line":97,"column":44},"end":{"line":97,"column":78}},"locations":[{"start":{"line":97,"column":44},"end":{"line":97,"column":78}}]},"18":{"type":"branch","line":97,"loc":{"start":{"line":97,"column":65},"end":{"line":97,"column":78}},"locations":[{"start":{"line":97,"column":65},"end":{"line":97,"column":78}}]},"19":{"type":"branch","line":105,"loc":{"start":{"line":105,"column":44},"end":{"line":105,"column":78}},"locations":[{"start":{"line":105,"column":44},"end":{"line":105,"column":78}}]},"20":{"type":"branch","line":105,"loc":{"start":{"line":105,"column":65},"end":{"line":105,"column":78}},"locations":[{"start":{"line":105,"column":65},"end":{"line":105,"column":78}}]},"21":{"type":"branch","line":121,"loc":{"start":{"line":121,"column":7},"end":{"line":128,"column":1}},"locations":[{"start":{"line":121,"column":7},"end":{"line":128,"column":1}}]},"22":{"type":"branch","line":126,"loc":{"start":{"line":126,"column":10},"end":{"line":126,"column":27}},"locations":[{"start":{"line":126,"column":10},"end":{"line":126,"column":27}}]},"23":{"type":"branch","line":139,"loc":{"start":{"line":139,"column":7},"end":{"line":168,"column":1}},"locations":[{"start":{"line":139,"column":7},"end":{"line":168,"column":1}}]},"24":{"type":"branch","line":148,"loc":{"start":{"line":148,"column":29},"end":{"line":157,"column":9}},"locations":[{"start":{"line":148,"column":29},"end":{"line":157,"column":9}}]},"25":{"type":"branch","line":150,"loc":{"start":{"line":150,"column":57},"end":{"line":150,"column":71}},"locations":[{"start":{"line":150,"column":57},"end":{"line":150,"column":71}}]},"26":{"type":"branch","line":155,"loc":{"start":{"line":155,"column":48},"end":{"line":155,"column":68}},"locations":[{"start":{"line":155,"column":48},"end":{"line":155,"column":68}}]},"27":{"type":"branch","line":155,"loc":{"start":{"line":155,"column":68},"end":{"line":155,"column":80}},"locations":[{"start":{"line":155,"column":68},"end":{"line":155,"column":80}}]},"28":{"type":"branch","line":157,"loc":{"start":{"line":157,"column":2},"end":{"line":165,"column":3}},"locations":[{"start":{"line":157,"column":2},"end":{"line":165,"column":3}}]},"29":{"type":"branch","line":163,"loc":{"start":{"line":163,"column":18},"end":{"line":163,"column":29}},"locations":[{"start":{"line":163,"column":18},"end":{"line":163,"column":29}}]},"30":{"type":"branch","line":146,"loc":{"start":{"line":146,"column":48},"end":{"line":146,"column":68}},"locations":[{"start":{"line":146,"column":48},"end":{"line":146,"column":68}}]},"31":{"type":"branch","line":177,"loc":{"start":{"line":177,"column":7},"end":{"line":203,"column":1}},"locations":[{"start":{"line":177,"column":7},"end":{"line":203,"column":1}}]},"32":{"type":"branch","line":188,"loc":{"start":{"line":188,"column":63},"end":{"line":191,"column":3}},"locations":[{"start":{"line":188,"column":63},"end":{"line":191,"column":3}}]},"33":{"type":"branch","line":182,"loc":{"start":{"line":182,"column":19},"end":{"line":182,"column":33}},"locations":[{"start":{"line":182,"column":19},"end":{"line":182,"column":33}}]},"34":{"type":"branch","line":182,"loc":{"start":{"line":182,"column":39},"end":{"line":182,"column":50}},"locations":[{"start":{"line":182,"column":39},"end":{"line":182,"column":50}}]},"35":{"type":"branch","line":195,"loc":{"start":{"line":195,"column":19},"end":{"line":195,"column":25}},"locations":[{"start":{"line":195,"column":19},"end":{"line":195,"column":25}}]},"36":{"type":"branch","line":212,"loc":{"start":{"line":212,"column":7},"end":{"line":259,"column":1}},"locations":[{"start":{"line":212,"column":7},"end":{"line":259,"column":1}}]},"37":{"type":"branch","line":219,"loc":{"start":{"line":219,"column":33},"end":{"line":219,"column":53}},"locations":[{"start":{"line":219,"column":33},"end":{"line":219,"column":53}}]},"38":{"type":"branch","line":220,"loc":{"start":{"line":220,"column":23},"end":{"line":220,"column":39}},"locations":[{"start":{"line":220,"column":23},"end":{"line":220,"column":39}}]},"39":{"type":"branch","line":236,"loc":{"start":{"line":236,"column":24},"end":{"line":240,"column":9}},"locations":[{"start":{"line":236,"column":24},"end":{"line":240,"column":9}}]},"40":{"type":"branch","line":240,"loc":{"start":{"line":240,"column":2},"end":{"line":243,"column":3}},"locations":[{"start":{"line":240,"column":2},"end":{"line":243,"column":3}}]},"41":{"type":"branch","line":229,"loc":{"start":{"line":229,"column":38},"end":{"line":230,"column":67}},"locations":[{"start":{"line":229,"column":38},"end":{"line":230,"column":67}}]},"42":{"type":"branch","line":230,"loc":{"start":{"line":230,"column":14},"end":{"line":230,"column":58}},"locations":[{"start":{"line":230,"column":14},"end":{"line":230,"column":58}}]},"43":{"type":"branch","line":230,"loc":{"start":{"line":230,"column":42},"end":{"line":230,"column":67}},"locations":[{"start":{"line":230,"column":42},"end":{"line":230,"column":67}}]},"44":{"type":"branch","line":238,"loc":{"start":{"line":238,"column":44},"end":{"line":238,"column":88}},"locations":[{"start":{"line":238,"column":44},"end":{"line":238,"column":88}}]},"45":{"type":"branch","line":238,"loc":{"start":{"line":238,"column":74},"end":{"line":238,"column":88}},"locations":[{"start":{"line":238,"column":74},"end":{"line":238,"column":88}}]},"46":{"type":"branch","line":239,"loc":{"start":{"line":239,"column":32},"end":{"line":239,"column":46}},"locations":[{"start":{"line":239,"column":32},"end":{"line":239,"column":46}}]},"47":{"type":"branch","line":239,"loc":{"start":{"line":239,"column":55},"end":{"line":239,"column":99}},"locations":[{"start":{"line":239,"column":55},"end":{"line":239,"column":99}}]},"48":{"type":"branch","line":239,"loc":{"start":{"line":239,"column":85},"end":{"line":239,"column":99}},"locations":[{"start":{"line":239,"column":85},"end":{"line":239,"column":99}}]},"49":{"type":"branch","line":241,"loc":{"start":{"line":241,"column":44},"end":{"line":241,"column":83}},"locations":[{"start":{"line":241,"column":44},"end":{"line":241,"column":83}}]},"50":{"type":"branch","line":241,"loc":{"start":{"line":241,"column":65},"end":{"line":241,"column":83}},"locations":[{"start":{"line":241,"column":65},"end":{"line":241,"column":83}}]},"51":{"type":"branch","line":242,"loc":{"start":{"line":242,"column":32},"end":{"line":242,"column":46}},"locations":[{"start":{"line":242,"column":32},"end":{"line":242,"column":46}}]},"52":{"type":"branch","line":242,"loc":{"start":{"line":242,"column":55},"end":{"line":242,"column":94}},"locations":[{"start":{"line":242,"column":55},"end":{"line":242,"column":94}}]},"53":{"type":"branch","line":242,"loc":{"start":{"line":242,"column":76},"end":{"line":242,"column":94}},"locations":[{"start":{"line":242,"column":76},"end":{"line":242,"column":94}}]},"54":{"type":"branch","line":269,"loc":{"start":{"line":269,"column":7},"end":{"line":280,"column":1}},"locations":[{"start":{"line":269,"column":7},"end":{"line":280,"column":1}}]},"55":{"type":"branch","line":274,"loc":{"start":{"line":274,"column":46},"end":{"line":274,"column":74}},"locations":[{"start":{"line":274,"column":46},"end":{"line":274,"column":74}}]},"56":{"type":"branch","line":278,"loc":{"start":{"line":278,"column":17},"end":{"line":278,"column":53}},"locations":[{"start":{"line":278,"column":17},"end":{"line":278,"column":53}}]},"57":{"type":"branch","line":278,"loc":{"start":{"line":278,"column":38},"end":{"line":278,"column":62}},"locations":[{"start":{"line":278,"column":38},"end":{"line":278,"column":62}}]},"58":{"type":"branch","line":291,"loc":{"start":{"line":291,"column":7},"end":{"line":306,"column":1}},"locations":[{"start":{"line":291,"column":7},"end":{"line":306,"column":1}}]},"59":{"type":"branch","line":304,"loc":{"start":{"line":304,"column":10},"end":{"line":304,"column":27}},"locations":[{"start":{"line":304,"column":10},"end":{"line":304,"column":27}}]},"60":{"type":"branch","line":315,"loc":{"start":{"line":315,"column":7},"end":{"line":322,"column":1}},"locations":[{"start":{"line":315,"column":7},"end":{"line":322,"column":1}}]},"61":{"type":"branch","line":319,"loc":{"start":{"line":319,"column":23},"end":{"line":319,"column":49}},"locations":[{"start":{"line":319,"column":23},"end":{"line":319,"column":49}}]},"62":{"type":"branch","line":319,"loc":{"start":{"line":319,"column":38},"end":{"line":319,"column":52}},"locations":[{"start":{"line":319,"column":38},"end":{"line":319,"column":52}}]},"63":{"type":"branch","line":321,"loc":{"start":{"line":321,"column":9},"end":{"line":321,"column":33}},"locations":[{"start":{"line":321,"column":9},"end":{"line":321,"column":33}}]},"64":{"type":"branch","line":321,"loc":{"start":{"line":321,"column":22},"end":{"line":321,"column":36}},"locations":[{"start":{"line":321,"column":22},"end":{"line":321,"column":36}}]},"65":{"type":"branch","line":320,"loc":{"start":{"line":320,"column":35},"end":{"line":320,"column":65}},"locations":[{"start":{"line":320,"column":35},"end":{"line":320,"column":65}}]},"66":{"type":"branch","line":331,"loc":{"start":{"line":331,"column":7},"end":{"line":343,"column":1}},"locations":[{"start":{"line":331,"column":7},"end":{"line":343,"column":1}}]}},"b":{"0":[3],"1":[13],"2":[2],"3":[1],"4":[1],"5":[11],"6":[4],"7":[1],"8":[2],"9":[7],"10":[3],"11":[0],"12":[2],"13":[4],"14":[1],"15":[3],"16":[2],"17":[5],"18":[0],"19":[4],"20":[0],"21":[4],"22":[2],"23":[4],"24":[1],"25":[0],"26":[0],"27":[0],"28":[3],"29":[1],"30":[2],"31":[5],"32":[6],"33":[9],"34":[9],"35":[9],"36":[8],"37":[0],"38":[0],"39":[6],"40":[2],"41":[32],"42":[24],"43":[24],"44":[20],"45":[0],"46":[28],"47":[28],"48":[0],"49":[4],"50":[0],"51":[4],"52":[4],"53":[0],"54":[4],"55":[3],"56":[2],"57":[2],"58":[3],"59":[2],"60":[4],"61":[3],"62":[1],"63":[1],"64":[3],"65":[2],"66":[2]},"fnMap":{"0":{"name":"generateId","decl":{"start":{"line":63,"column":19},"end":{"line":65,"column":2}},"loc":{"start":{"line":63,"column":19},"end":{"line":65,"column":2}},"line":63},"1":{"name":"validateCheckIn","decl":{"start":{"line":76,"column":7},"end":{"line":112,"column":1}},"loc":{"start":{"line":76,"column":7},"end":{"line":112,"column":1}},"line":76},"2":{"name":"createCheckInEntry","decl":{"start":{"line":121,"column":7},"end":{"line":128,"column":1}},"loc":{"start":{"line":121,"column":7},"end":{"line":128,"column":1}},"line":121},"3":{"name":"updateCheckInRecords","decl":{"start":{"line":139,"column":7},"end":{"line":168,"column":1}},"loc":{"start":{"line":139,"column":7},"end":{"line":168,"column":1}},"line":139},"4":{"name":"calculateStreak","decl":{"start":{"line":177,"column":7},"end":{"line":203,"column":1}},"loc":{"start":{"line":177,"column":7},"end":{"line":203,"column":1}},"line":177},"5":{"name":"calculateCheckInCycleProgress","decl":{"start":{"line":212,"column":7},"end":{"line":259,"column":1}},"loc":{"start":{"line":212,"column":7},"end":{"line":259,"column":1}},"line":212},"6":{"name":"detectCycleCompletion","decl":{"start":{"line":269,"column":7},"end":{"line":280,"column":1}},"loc":{"start":{"line":269,"column":7},"end":{"line":280,"column":1}},"line":269},"7":{"name":"createCheckInActivity","decl":{"start":{"line":291,"column":7},"end":{"line":306,"column":1}},"loc":{"start":{"line":291,"column":7},"end":{"line":306,"column":1}},"line":291},"8":{"name":"getTodayCheckInsFromRecords","decl":{"start":{"line":315,"column":7},"end":{"line":322,"column":1}},"loc":{"start":{"line":315,"column":7},"end":{"line":322,"column":1}},"line":315},"9":{"name":"mergeCheckInProgressUpdate","decl":{"start":{"line":331,"column":7},"end":{"line":343,"column":1}},"loc":{"start":{"line":331,"column":7},"end":{"line":343,"column":1}},"line":331}},"f":{"0":3,"1":13,"2":4,"3":4,"4":5,"5":8,"6":4,"7":3,"8":4,"9":2}}
,"/Users/weidawubidejiyang/github/chat-ok/src/pages/dc/utils/mainlineTaskHelper.ts": {"path":"/Users/weidawubidejiyang/github/chat-ok/src/pages/dc/utils/mainlineTaskHelper.ts","all":false,"statementMap":{"0":{"start":{"line":1,"column":0},"end":{"line":1,"column":92}},"1":{"start":{"line":2,"column":0},"end":{"line":2,"column":47}},"2":{"start":{"line":3,"column":0},"end":{"line":3,"column":0}},"3":{"start":{"line":4,"column":0},"end":{"line":4,"column":23}},"4":{"start":{"line":5,"column":0},"end":{"line":5,"column":24}},"5":{"start":{"line":6,"column":0},"end":{"line":6,"column":32}},"6":{"start":{"line":7,"column":0},"end":{"line":7,"column":36}},"7":{"start":{"line":8,"column":0},"end":{"line":8,"column":32}},"8":{"start":{"line":9,"column":0},"end":{"line":9,"column":20}},"9":{"start":{"line":10,"column":0},"end":{"line":10,"column":21}},"10":{"start":{"line":11,"column":0},"end":{"line":11,"column":24}},"11":{"start":{"line":12,"column":0},"end":{"line":12,"column":17}},"12":{"start":{"line":13,"column":0},"end":{"line":13,"column":1}},"13":{"start":{"line":14,"column":0},"end":{"line":14,"column":0}},"14":{"start":{"line":15,"column":0},"end":{"line":15,"column":36}},"15":{"start":{"line":16,"column":0},"end":{"line":16,"column":0}},"16":{"start":{"line":17,"column":0},"end":{"line":17,"column":3}},"17":{"start":{"line":18,"column":0},"end":{"line":18,"column":32}},"18":{"start":{"line":19,"column":0},"end":{"line":19,"column":3}},"19":{"start":{"line":20,"column":0},"end":{"line":20,"column":74}},"20":{"start":{"line":21,"column":0},"end":{"line":21,"column":56}},"21":{"start":{"line":22,"column":0},"end":{"line":22,"column":68}},"22":{"start":{"line":23,"column":0},"end":{"line":23,"column":29}},"23":{"start":{"line":24,"column":0},"end":{"line":24,"column":2}},"24":{"start":{"line":25,"column":0},"end":{"line":25,"column":18}},"25":{"start":{"line":26,"column":0},"end":{"line":26,"column":29}},"26":{"start":{"line":27,"column":0},"end":{"line":27,"column":36}},"27":{"start":{"line":28,"column":0},"end":{"line":28,"column":44}},"28":{"start":{"line":29,"column":0},"end":{"line":29,"column":2}},"29":{"start":{"line":30,"column":0},"end":{"line":30,"column":13}},"30":{"start":{"line":31,"column":0},"end":{"line":31,"column":40}},"31":{"start":{"line":32,"column":0},"end":{"line":32,"column":1}},"32":{"start":{"line":33,"column":0},"end":{"line":33,"column":0}},"33":{"start":{"line":34,"column":0},"end":{"line":34,"column":35}},"34":{"start":{"line":35,"column":0},"end":{"line":35,"column":0}},"35":{"start":{"line":36,"column":0},"end":{"line":36,"column":15}},"36":{"start":{"line":37,"column":0},"end":{"line":37,"column":32}},"37":{"start":{"line":38,"column":0},"end":{"line":38,"column":43}},"38":{"start":{"line":39,"column":0},"end":{"line":39,"column":42}},"39":{"start":{"line":40,"column":0},"end":{"line":40,"column":41}},"40":{"start":{"line":41,"column":0},"end":{"line":41,"column":42}},"41":{"start":{"line":42,"column":0},"end":{"line":42,"column":2}},"42":{"start":{"line":43,"column":0},"end":{"line":43,"column":0}},"43":{"start":{"line":44,"column":0},"end":{"line":44,"column":3}},"44":{"start":{"line":45,"column":0},"end":{"line":45,"column":22}},"45":{"start":{"line":46,"column":0},"end":{"line":46,"column":3}},"46":{"start":{"line":47,"column":0},"end":{"line":47,"column":107}},"47":{"start":{"line":48,"column":0},"end":{"line":48,"column":76}},"48":{"start":{"line":49,"column":0},"end":{"line":49,"column":68}},"49":{"start":{"line":50,"column":0},"end":{"line":50,"column":56}},"50":{"start":{"line":51,"column":0},"end":{"line":51,"column":74}},"51":{"start":{"line":52,"column":0},"end":{"line":52,"column":80}},"52":{"start":{"line":53,"column":0},"end":{"line":53,"column":32}},"53":{"start":{"line":54,"column":0},"end":{"line":54,"column":1}},"54":{"start":{"line":55,"column":0},"end":{"line":55,"column":0}},"55":{"start":{"line":56,"column":0},"end":{"line":56,"column":3}},"56":{"start":{"line":57,"column":0},"end":{"line":57,"column":11}},"57":{"start":{"line":58,"column":0},"end":{"line":58,"column":3}},"58":{"start":{"line":59,"column":0},"end":{"line":59,"column":64}},"59":{"start":{"line":60,"column":0},"end":{"line":60,"column":40}},"60":{"start":{"line":61,"column":0},"end":{"line":61,"column":41}},"61":{"start":{"line":62,"column":0},"end":{"line":62,"column":32}},"62":{"start":{"line":63,"column":0},"end":{"line":63,"column":1}},"63":{"start":{"line":64,"column":0},"end":{"line":64,"column":0}},"64":{"start":{"line":65,"column":0},"end":{"line":65,"column":35}},"65":{"start":{"line":66,"column":0},"end":{"line":66,"column":0}},"66":{"start":{"line":67,"column":0},"end":{"line":67,"column":3}},"67":{"start":{"line":68,"column":0},"end":{"line":68,"column":13}},"68":{"start":{"line":69,"column":0},"end":{"line":69,"column":3}},"69":{"start":{"line":70,"column":0},"end":{"line":70,"column":41}},"70":{"start":{"line":71,"column":0},"end":{"line":71,"column":29}},"71":{"start":{"line":72,"column":0},"end":{"line":72,"column":13}},"72":{"start":{"line":73,"column":0},"end":{"line":73,"column":32}},"73":{"start":{"line":74,"column":0},"end":{"line":74,"column":29}},"74":{"start":{"line":75,"column":0},"end":{"line":75,"column":7}},"75":{"start":{"line":76,"column":0},"end":{"line":76,"column":24}},"76":{"start":{"line":77,"column":0},"end":{"line":77,"column":24}},"77":{"start":{"line":78,"column":0},"end":{"line":78,"column":28}},"78":{"start":{"line":79,"column":0},"end":{"line":79,"column":29}},"79":{"start":{"line":80,"column":0},"end":{"line":80,"column":3}},"80":{"start":{"line":81,"column":0},"end":{"line":81,"column":39}},"81":{"start":{"line":82,"column":0},"end":{"line":82,"column":60}},"82":{"start":{"line":83,"column":0},"end":{"line":83,"column":87}},"83":{"start":{"line":84,"column":0},"end":{"line":84,"column":2}},"84":{"start":{"line":85,"column":0},"end":{"line":85,"column":23}},"85":{"start":{"line":86,"column":0},"end":{"line":86,"column":12}},"86":{"start":{"line":87,"column":0},"end":{"line":87,"column":23}},"87":{"start":{"line":88,"column":0},"end":{"line":88,"column":23}},"88":{"start":{"line":89,"column":0},"end":{"line":89,"column":27}},"89":{"start":{"line":90,"column":0},"end":{"line":90,"column":27}},"90":{"start":{"line":91,"column":0},"end":{"line":91,"column":6}},"91":{"start":{"line":92,"column":0},"end":{"line":92,"column":3}},"92":{"start":{"line":93,"column":0},"end":{"line":93,"column":0}},"93":{"start":{"line":94,"column":0},"end":{"line":94,"column":102}},"94":{"start":{"line":95,"column":0},"end":{"line":95,"column":2}},"95":{"start":{"line":96,"column":0},"end":{"line":96,"column":35}},"96":{"start":{"line":97,"column":0},"end":{"line":97,"column":85}},"97":{"start":{"line":98,"column":0},"end":{"line":98,"column":51}},"98":{"start":{"line":99,"column":0},"end":{"line":99,"column":2}},"99":{"start":{"line":100,"column":0},"end":{"line":100,"column":23}},"100":{"start":{"line":101,"column":0},"end":{"line":101,"column":57}},"101":{"start":{"line":102,"column":0},"end":{"line":102,"column":2}},"102":{"start":{"line":103,"column":0},"end":{"line":103,"column":18}},"103":{"start":{"line":104,"column":0},"end":{"line":104,"column":49}},"104":{"start":{"line":105,"column":0},"end":{"line":105,"column":0}},"105":{"start":{"line":106,"column":0},"end":{"line":106,"column":33}},"106":{"start":{"line":107,"column":0},"end":{"line":107,"column":28}},"107":{"start":{"line":108,"column":0},"end":{"line":108,"column":28}},"108":{"start":{"line":109,"column":0},"end":{"line":109,"column":60}},"109":{"start":{"line":110,"column":0},"end":{"line":110,"column":49}},"110":{"start":{"line":111,"column":0},"end":{"line":111,"column":37}},"111":{"start":{"line":112,"column":0},"end":{"line":112,"column":45}},"112":{"start":{"line":113,"column":0},"end":{"line":113,"column":46}},"113":{"start":{"line":114,"column":0},"end":{"line":114,"column":40}},"114":{"start":{"line":115,"column":0},"end":{"line":115,"column":71}},"115":{"start":{"line":116,"column":0},"end":{"line":116,"column":8}},"116":{"start":{"line":117,"column":0},"end":{"line":117,"column":0}},"117":{"start":{"line":118,"column":0},"end":{"line":118,"column":17}},"118":{"start":{"line":119,"column":0},"end":{"line":119,"column":41}},"119":{"start":{"line":120,"column":0},"end":{"line":120,"column":32}},"120":{"start":{"line":121,"column":0},"end":{"line":121,"column":38}},"121":{"start":{"line":122,"column":0},"end":{"line":122,"column":40}},"122":{"start":{"line":123,"column":0},"end":{"line":123,"column":10}},"123":{"start":{"line":124,"column":0},"end":{"line":124,"column":99}},"124":{"start":{"line":125,"column":0},"end":{"line":125,"column":3}},"125":{"start":{"line":126,"column":0},"end":{"line":126,"column":88}},"126":{"start":{"line":127,"column":0},"end":{"line":127,"column":0}},"127":{"start":{"line":128,"column":0},"end":{"line":128,"column":26}},"128":{"start":{"line":129,"column":0},"end":{"line":129,"column":58}},"129":{"start":{"line":130,"column":0},"end":{"line":130,"column":42}},"130":{"start":{"line":131,"column":0},"end":{"line":131,"column":50}},"131":{"start":{"line":132,"column":0},"end":{"line":132,"column":51}},"132":{"start":{"line":133,"column":0},"end":{"line":133,"column":43}},"133":{"start":{"line":134,"column":0},"end":{"line":134,"column":79}},"134":{"start":{"line":135,"column":0},"end":{"line":135,"column":8}},"135":{"start":{"line":136,"column":0},"end":{"line":136,"column":0}},"136":{"start":{"line":137,"column":0},"end":{"line":137,"column":10}},"137":{"start":{"line":138,"column":0},"end":{"line":138,"column":18}},"138":{"start":{"line":139,"column":0},"end":{"line":139,"column":18}},"139":{"start":{"line":140,"column":0},"end":{"line":140,"column":65}},"140":{"start":{"line":141,"column":0},"end":{"line":141,"column":66}},"141":{"start":{"line":142,"column":0},"end":{"line":142,"column":4}},"142":{"start":{"line":143,"column":0},"end":{"line":143,"column":1}},"143":{"start":{"line":144,"column":0},"end":{"line":144,"column":0}},"144":{"start":{"line":145,"column":0},"end":{"line":145,"column":3}},"145":{"start":{"line":146,"column":0},"end":{"line":146,"column":13}},"146":{"start":{"line":147,"column":0},"end":{"line":147,"column":3}},"147":{"start":{"line":148,"column":0},"end":{"line":148,"column":73}},"148":{"start":{"line":149,"column":0},"end":{"line":149,"column":24}},"149":{"start":{"line":150,"column":0},"end":{"line":150,"column":24}},"150":{"start":{"line":151,"column":0},"end":{"line":151,"column":32}},"151":{"start":{"line":152,"column":0},"end":{"line":152,"column":29}},"152":{"start":{"line":153,"column":0},"end":{"line":153,"column":3}},"153":{"start":{"line":154,"column":0},"end":{"line":154,"column":39}},"154":{"start":{"line":155,"column":0},"end":{"line":155,"column":64}},"155":{"start":{"line":156,"column":0},"end":{"line":156,"column":87}},"156":{"start":{"line":157,"column":0},"end":{"line":157,"column":2}},"157":{"start":{"line":158,"column":0},"end":{"line":158,"column":25}},"158":{"start":{"line":159,"column":0},"end":{"line":159,"column":12}},"159":{"start":{"line":160,"column":0},"end":{"line":160,"column":23}},"160":{"start":{"line":161,"column":0},"end":{"line":161,"column":23}},"161":{"start":{"line":162,"column":0},"end":{"line":162,"column":31}},"162":{"start":{"line":163,"column":0},"end":{"line":163,"column":27}},"163":{"start":{"line":164,"column":0},"end":{"line":164,"column":6}},"164":{"start":{"line":165,"column":0},"end":{"line":165,"column":3}},"165":{"start":{"line":166,"column":0},"end":{"line":166,"column":0}},"166":{"start":{"line":167,"column":0},"end":{"line":167,"column":80}},"167":{"start":{"line":168,"column":0},"end":{"line":168,"column":54}},"168":{"start":{"line":169,"column":0},"end":{"line":169,"column":0}},"169":{"start":{"line":170,"column":0},"end":{"line":170,"column":10}},"170":{"start":{"line":171,"column":0},"end":{"line":171,"column":72}},"171":{"start":{"line":172,"column":0},"end":{"line":172,"column":0}},"172":{"start":{"line":173,"column":0},"end":{"line":173,"column":14}},"173":{"start":{"line":174,"column":0},"end":{"line":174,"column":45}},"174":{"start":{"line":175,"column":0},"end":{"line":175,"column":70}},"175":{"start":{"line":176,"column":0},"end":{"line":176,"column":11}},"176":{"start":{"line":177,"column":0},"end":{"line":177,"column":0}},"177":{"start":{"line":178,"column":0},"end":{"line":178,"column":12}},"178":{"start":{"line":179,"column":0},"end":{"line":179,"column":98}},"179":{"start":{"line":180,"column":0},"end":{"line":180,"column":0}},"180":{"start":{"line":181,"column":0},"end":{"line":181,"column":10}},"181":{"start":{"line":182,"column":0},"end":{"line":182,"column":18}},"182":{"start":{"line":183,"column":0},"end":{"line":183,"column":18}},"183":{"start":{"line":184,"column":0},"end":{"line":184,"column":26}},"184":{"start":{"line":185,"column":0},"end":{"line":185,"column":38}},"185":{"start":{"line":186,"column":0},"end":{"line":186,"column":4}},"186":{"start":{"line":187,"column":0},"end":{"line":187,"column":1}},"187":{"start":{"line":188,"column":0},"end":{"line":188,"column":0}},"188":{"start":{"line":189,"column":0},"end":{"line":189,"column":3}},"189":{"start":{"line":190,"column":0},"end":{"line":190,"column":13}},"190":{"start":{"line":191,"column":0},"end":{"line":191,"column":3}},"191":{"start":{"line":192,"column":0},"end":{"line":192,"column":71}},"192":{"start":{"line":193,"column":0},"end":{"line":193,"column":24}},"193":{"start":{"line":194,"column":0},"end":{"line":194,"column":24}},"194":{"start":{"line":195,"column":0},"end":{"line":195,"column":31}},"195":{"start":{"line":196,"column":0},"end":{"line":196,"column":24}},"196":{"start":{"line":197,"column":0},"end":{"line":197,"column":3}},"197":{"start":{"line":198,"column":0},"end":{"line":198,"column":39}},"198":{"start":{"line":199,"column":0},"end":{"line":199,"column":60}},"199":{"start":{"line":200,"column":0},"end":{"line":200,"column":87}},"200":{"start":{"line":201,"column":0},"end":{"line":201,"column":2}},"201":{"start":{"line":202,"column":0},"end":{"line":202,"column":23}},"202":{"start":{"line":203,"column":0},"end":{"line":203,"column":12}},"203":{"start":{"line":204,"column":0},"end":{"line":204,"column":23}},"204":{"start":{"line":205,"column":0},"end":{"line":205,"column":23}},"205":{"start":{"line":206,"column":0},"end":{"line":206,"column":30}},"206":{"start":{"line":207,"column":0},"end":{"line":207,"column":22}},"207":{"start":{"line":208,"column":0},"end":{"line":208,"column":6}},"208":{"start":{"line":209,"column":0},"end":{"line":209,"column":3}},"209":{"start":{"line":210,"column":0},"end":{"line":210,"column":0}},"210":{"start":{"line":211,"column":0},"end":{"line":211,"column":52}},"211":{"start":{"line":212,"column":0},"end":{"line":212,"column":54}},"212":{"start":{"line":213,"column":0},"end":{"line":213,"column":52}},"213":{"start":{"line":214,"column":0},"end":{"line":214,"column":86}},"214":{"start":{"line":215,"column":0},"end":{"line":215,"column":0}},"215":{"start":{"line":216,"column":0},"end":{"line":216,"column":16}},"216":{"start":{"line":217,"column":0},"end":{"line":217,"column":93}},"217":{"start":{"line":218,"column":0},"end":{"line":218,"column":54}},"218":{"start":{"line":219,"column":0},"end":{"line":219,"column":68}},"219":{"start":{"line":220,"column":0},"end":{"line":220,"column":60}},"220":{"start":{"line":221,"column":0},"end":{"line":221,"column":0}},"221":{"start":{"line":222,"column":0},"end":{"line":222,"column":52}},"222":{"start":{"line":223,"column":0},"end":{"line":223,"column":76}},"223":{"start":{"line":224,"column":0},"end":{"line":224,"column":0}},"224":{"start":{"line":225,"column":0},"end":{"line":225,"column":50}},"225":{"start":{"line":226,"column":0},"end":{"line":226,"column":72}},"226":{"start":{"line":227,"column":0},"end":{"line":227,"column":0}},"227":{"start":{"line":228,"column":0},"end":{"line":228,"column":14}},"228":{"start":{"line":229,"column":0},"end":{"line":229,"column":46}},"229":{"start":{"line":230,"column":0},"end":{"line":230,"column":58}},"230":{"start":{"line":231,"column":0},"end":{"line":231,"column":45}},"231":{"start":{"line":232,"column":0},"end":{"line":232,"column":29}},"232":{"start":{"line":233,"column":0},"end":{"line":233,"column":50}},"233":{"start":{"line":234,"column":0},"end":{"line":234,"column":44}},"234":{"start":{"line":235,"column":0},"end":{"line":235,"column":74}},"235":{"start":{"line":236,"column":0},"end":{"line":236,"column":0}},"236":{"start":{"line":237,"column":0},"end":{"line":237,"column":12}},"237":{"start":{"line":238,"column":0},"end":{"line":238,"column":46}},"238":{"start":{"line":239,"column":0},"end":{"line":239,"column":65}},"239":{"start":{"line":240,"column":0},"end":{"line":240,"column":74}},"240":{"start":{"line":241,"column":0},"end":{"line":241,"column":0}},"241":{"start":{"line":242,"column":0},"end":{"line":242,"column":9}},"242":{"start":{"line":243,"column":0},"end":{"line":243,"column":97}},"243":{"start":{"line":244,"column":0},"end":{"line":244,"column":51}},"244":{"start":{"line":245,"column":0},"end":{"line":245,"column":72}},"245":{"start":{"line":246,"column":0},"end":{"line":246,"column":0}},"246":{"start":{"line":247,"column":0},"end":{"line":247,"column":10}},"247":{"start":{"line":248,"column":0},"end":{"line":248,"column":18}},"248":{"start":{"line":249,"column":0},"end":{"line":249,"column":18}},"249":{"start":{"line":250,"column":0},"end":{"line":250,"column":25}},"250":{"start":{"line":251,"column":0},"end":{"line":251,"column":17}},"251":{"start":{"line":252,"column":0},"end":{"line":252,"column":4}},"252":{"start":{"line":253,"column":0},"end":{"line":253,"column":1}},"253":{"start":{"line":254,"column":0},"end":{"line":254,"column":0}},"254":{"start":{"line":255,"column":0},"end":{"line":255,"column":3}},"255":{"start":{"line":256,"column":0},"end":{"line":256,"column":26}},"256":{"start":{"line":257,"column":0},"end":{"line":257,"column":29}},"257":{"start":{"line":258,"column":0},"end":{"line":258,"column":37}},"258":{"start":{"line":259,"column":0},"end":{"line":259,"column":3}},"259":{"start":{"line":260,"column":0},"end":{"line":260,"column":60}},"260":{"start":{"line":261,"column":0},"end":{"line":261,"column":49}},"261":{"start":{"line":262,"column":0},"end":{"line":262,"column":71}},"262":{"start":{"line":263,"column":0},"end":{"line":263,"column":50}},"263":{"start":{"line":264,"column":0},"end":{"line":264,"column":69}},"264":{"start":{"line":265,"column":0},"end":{"line":265,"column":75}},"265":{"start":{"line":266,"column":0},"end":{"line":266,"column":2}},"266":{"start":{"line":267,"column":0},"end":{"line":267,"column":17}},"267":{"start":{"line":268,"column":0},"end":{"line":268,"column":60}},"268":{"start":{"line":269,"column":0},"end":{"line":269,"column":2}},"269":{"start":{"line":270,"column":0},"end":{"line":270,"column":2}},"270":{"start":{"line":271,"column":0},"end":{"line":271,"column":43}},"271":{"start":{"line":272,"column":0},"end":{"line":272,"column":2}},"272":{"start":{"line":273,"column":0},"end":{"line":273,"column":39}},"273":{"start":{"line":274,"column":0},"end":{"line":274,"column":39}},"274":{"start":{"line":275,"column":0},"end":{"line":275,"column":56}},"275":{"start":{"line":276,"column":0},"end":{"line":276,"column":47}},"276":{"start":{"line":277,"column":0},"end":{"line":277,"column":26}},"277":{"start":{"line":278,"column":0},"end":{"line":278,"column":67}},"278":{"start":{"line":279,"column":0},"end":{"line":279,"column":3}},"279":{"start":{"line":280,"column":0},"end":{"line":280,"column":38}},"280":{"start":{"line":281,"column":0},"end":{"line":281,"column":2}},"281":{"start":{"line":282,"column":0},"end":{"line":282,"column":17}},"282":{"start":{"line":283,"column":0},"end":{"line":283,"column":33}},"283":{"start":{"line":284,"column":0},"end":{"line":284,"column":76}},"284":{"start":{"line":285,"column":0},"end":{"line":285,"column":4}},"285":{"start":{"line":286,"column":0},"end":{"line":286,"column":2}},"286":{"start":{"line":287,"column":0},"end":{"line":287,"column":23}},"287":{"start":{"line":288,"column":0},"end":{"line":288,"column":66}},"288":{"start":{"line":289,"column":0},"end":{"line":289,"column":2}},"289":{"start":{"line":290,"column":0},"end":{"line":290,"column":18}},"290":{"start":{"line":291,"column":0},"end":{"line":291,"column":72}},"291":{"start":{"line":292,"column":0},"end":{"line":292,"column":2}},"292":{"start":{"line":293,"column":0},"end":{"line":293,"column":44}},"293":{"start":{"line":294,"column":0},"end":{"line":294,"column":35}},"294":{"start":{"line":295,"column":0},"end":{"line":295,"column":57}},"295":{"start":{"line":296,"column":0},"end":{"line":296,"column":78}},"296":{"start":{"line":297,"column":0},"end":{"line":297,"column":2}},"297":{"start":{"line":298,"column":0},"end":{"line":298,"column":16}},"298":{"start":{"line":299,"column":0},"end":{"line":299,"column":57}},"299":{"start":{"line":300,"column":0},"end":{"line":300,"column":46}},"300":{"start":{"line":301,"column":0},"end":{"line":301,"column":61}},"301":{"start":{"line":302,"column":0},"end":{"line":302,"column":39}},"302":{"start":{"line":303,"column":0},"end":{"line":303,"column":2}},"303":{"start":{"line":304,"column":0},"end":{"line":304,"column":28}},"304":{"start":{"line":305,"column":0},"end":{"line":305,"column":113}},"305":{"start":{"line":306,"column":0},"end":{"line":306,"column":1}},"306":{"start":{"line":307,"column":0},"end":{"line":307,"column":0}},"307":{"start":{"line":308,"column":0},"end":{"line":308,"column":3}},"308":{"start":{"line":309,"column":0},"end":{"line":309,"column":12}},"309":{"start":{"line":310,"column":0},"end":{"line":310,"column":3}},"310":{"start":{"line":311,"column":0},"end":{"line":311,"column":71}},"311":{"start":{"line":312,"column":0},"end":{"line":312,"column":11}},"312":{"start":{"line":313,"column":0},"end":{"line":313,"column":60}},"313":{"start":{"line":314,"column":0},"end":{"line":314,"column":2}},"314":{"start":{"line":315,"column":0},"end":{"line":315,"column":44}},"315":{"start":{"line":316,"column":0},"end":{"line":316,"column":2}},"316":{"start":{"line":317,"column":0},"end":{"line":317,"column":25}},"317":{"start":{"line":318,"column":0},"end":{"line":318,"column":128}},"318":{"start":{"line":319,"column":0},"end":{"line":319,"column":36}},"319":{"start":{"line":320,"column":0},"end":{"line":320,"column":53}},"320":{"start":{"line":321,"column":0},"end":{"line":321,"column":4}},"321":{"start":{"line":322,"column":0},"end":{"line":322,"column":1}},"322":{"start":{"line":323,"column":0},"end":{"line":323,"column":0}},"323":{"start":{"line":324,"column":0},"end":{"line":324,"column":3}},"324":{"start":{"line":325,"column":0},"end":{"line":325,"column":11}},"325":{"start":{"line":326,"column":0},"end":{"line":326,"column":3}},"326":{"start":{"line":327,"column":0},"end":{"line":327,"column":86}},"327":{"start":{"line":328,"column":0},"end":{"line":328,"column":53}},"328":{"start":{"line":329,"column":0},"end":{"line":329,"column":0}},"329":{"start":{"line":330,"column":0},"end":{"line":330,"column":54}},"330":{"start":{"line":331,"column":0},"end":{"line":331,"column":2}},"331":{"start":{"line":332,"column":0},"end":{"line":332,"column":35}},"332":{"start":{"line":333,"column":0},"end":{"line":333,"column":60}},"333":{"start":{"line":334,"column":0},"end":{"line":334,"column":23}},"334":{"start":{"line":335,"column":0},"end":{"line":335,"column":46}},"335":{"start":{"line":336,"column":0},"end":{"line":336,"column":46}},"336":{"start":{"line":337,"column":0},"end":{"line":337,"column":50}},"337":{"start":{"line":338,"column":0},"end":{"line":338,"column":51}},"338":{"start":{"line":339,"column":0},"end":{"line":339,"column":6}},"339":{"start":{"line":340,"column":0},"end":{"line":340,"column":44}},"340":{"start":{"line":341,"column":0},"end":{"line":341,"column":62}},"341":{"start":{"line":342,"column":0},"end":{"line":342,"column":23}},"342":{"start":{"line":343,"column":0},"end":{"line":343,"column":46}},"343":{"start":{"line":344,"column":0},"end":{"line":344,"column":45}},"344":{"start":{"line":345,"column":0},"end":{"line":345,"column":6}},"345":{"start":{"line":346,"column":0},"end":{"line":346,"column":43}},"346":{"start":{"line":347,"column":0},"end":{"line":347,"column":60}},"347":{"start":{"line":348,"column":0},"end":{"line":348,"column":23}},"348":{"start":{"line":349,"column":0},"end":{"line":349,"column":46}},"349":{"start":{"line":350,"column":0},"end":{"line":350,"column":45}},"350":{"start":{"line":351,"column":0},"end":{"line":351,"column":6}},"351":{"start":{"line":352,"column":0},"end":{"line":352,"column":3}},"352":{"start":{"line":353,"column":0},"end":{"line":353,"column":0}},"353":{"start":{"line":354,"column":0},"end":{"line":354,"column":10}},"354":{"start":{"line":355,"column":0},"end":{"line":355,"column":20}},"355":{"start":{"line":356,"column":0},"end":{"line":356,"column":29}},"356":{"start":{"line":357,"column":0},"end":{"line":357,"column":4}},"357":{"start":{"line":358,"column":0},"end":{"line":358,"column":1}},"358":{"start":{"line":359,"column":0},"end":{"line":359,"column":0}},"359":{"start":{"line":360,"column":0},"end":{"line":360,"column":3}},"360":{"start":{"line":361,"column":0},"end":{"line":361,"column":29}},"361":{"start":{"line":362,"column":0},"end":{"line":362,"column":33}},"362":{"start":{"line":363,"column":0},"end":{"line":363,"column":37}},"363":{"start":{"line":364,"column":0},"end":{"line":364,"column":3}},"364":{"start":{"line":365,"column":0},"end":{"line":365,"column":65}},"365":{"start":{"line":366,"column":0},"end":{"line":366,"column":35}},"366":{"start":{"line":367,"column":0},"end":{"line":367,"column":63}},"367":{"start":{"line":368,"column":0},"end":{"line":368,"column":2}},"368":{"start":{"line":369,"column":0},"end":{"line":369,"column":49}},"369":{"start":{"line":370,"column":0},"end":{"line":370,"column":71}},"370":{"start":{"line":371,"column":0},"end":{"line":371,"column":50}},"371":{"start":{"line":372,"column":0},"end":{"line":372,"column":69}},"372":{"start":{"line":373,"column":0},"end":{"line":373,"column":75}},"373":{"start":{"line":374,"column":0},"end":{"line":374,"column":2}},"374":{"start":{"line":375,"column":0},"end":{"line":375,"column":17}},"375":{"start":{"line":376,"column":0},"end":{"line":376,"column":52}},"376":{"start":{"line":377,"column":0},"end":{"line":377,"column":13}},"377":{"start":{"line":378,"column":0},"end":{"line":378,"column":3}},"378":{"start":{"line":379,"column":0},"end":{"line":379,"column":2}},"379":{"start":{"line":380,"column":0},"end":{"line":380,"column":43}},"380":{"start":{"line":381,"column":0},"end":{"line":381,"column":2}},"381":{"start":{"line":382,"column":0},"end":{"line":382,"column":39}},"382":{"start":{"line":383,"column":0},"end":{"line":383,"column":39}},"383":{"start":{"line":384,"column":0},"end":{"line":384,"column":56}},"384":{"start":{"line":385,"column":0},"end":{"line":385,"column":47}},"385":{"start":{"line":386,"column":0},"end":{"line":386,"column":26}},"386":{"start":{"line":387,"column":0},"end":{"line":387,"column":67}},"387":{"start":{"line":388,"column":0},"end":{"line":388,"column":3}},"388":{"start":{"line":389,"column":0},"end":{"line":389,"column":2}},"389":{"start":{"line":390,"column":0},"end":{"line":390,"column":17}},"390":{"start":{"line":391,"column":0},"end":{"line":391,"column":33}},"391":{"start":{"line":392,"column":0},"end":{"line":392,"column":76}},"392":{"start":{"line":393,"column":0},"end":{"line":393,"column":4}},"393":{"start":{"line":394,"column":0},"end":{"line":394,"column":2}},"394":{"start":{"line":395,"column":0},"end":{"line":395,"column":23}},"395":{"start":{"line":396,"column":0},"end":{"line":396,"column":66}},"396":{"start":{"line":397,"column":0},"end":{"line":397,"column":2}},"397":{"start":{"line":398,"column":0},"end":{"line":398,"column":18}},"398":{"start":{"line":399,"column":0},"end":{"line":399,"column":72}},"399":{"start":{"line":400,"column":0},"end":{"line":400,"column":2}},"400":{"start":{"line":401,"column":0},"end":{"line":401,"column":44}},"401":{"start":{"line":402,"column":0},"end":{"line":402,"column":83}},"402":{"start":{"line":403,"column":0},"end":{"line":403,"column":1}}},"s":{"0":1,"1":1,"2":1,"3":1,"4":1,"5":1,"6":1,"7":1,"8":1,"9":1,"10":1,"11":1,"12":1,"13":1,"14":1,"15":1,"16":1,"17":1,"18":1,"19":1,"20":14,"21":14,"22":14,"23":10,"24":10,"25":10,"26":10,"27":14,"28":6,"29":6,"30":6,"31":6,"32":1,"33":1,"34":1,"35":1,"36":1,"37":1,"38":1,"39":1,"40":1,"41":1,"42":1,"43":1,"44":1,"45":1,"46":1,"47":6,"48":6,"49":6,"50":6,"51":1,"52":0,"53":0,"54":1,"55":1,"56":1,"57":1,"58":1,"59":5,"60":5,"61":2,"62":2,"63":1,"64":1,"65":1,"66":1,"67":1,"68":1,"69":1,"70":13,"71":13,"72":13,"73":13,"74":13,"75":13,"76":13,"77":13,"78":13,"79":13,"80":13,"81":13,"82":13,"83":13,"84":13,"85":1,"86":1,"87":1,"88":1,"89":1,"90":1,"91":1,"92":12,"93":12,"94":12,"95":12,"96":13,"97":13,"98":13,"99":13,"100":13,"101":13,"102":13,"103":13,"104":13,"105":13,"106":13,"107":13,"108":13,"109":13,"110":13,"111":3,"112":9,"113":13,"114":12,"115":0,"116":13,"117":13,"118":13,"119":13,"120":13,"121":1,"122":13,"123":11,"124":11,"125":13,"126":13,"127":13,"128":13,"129":13,"130":3,"131":9,"132":13,"133":12,"134":0,"135":13,"136":13,"137":13,"138":13,"139":13,"140":13,"141":13,"142":13,"143":1,"144":1,"145":1,"146":1,"147":1,"148":6,"149":6,"150":6,"151":6,"152":6,"153":6,"154":6,"155":6,"156":6,"157":6,"158":1,"159":1,"160":1,"161":1,"162":1,"163":1,"164":1,"165":5,"166":5,"167":6,"168":6,"169":6,"170":6,"171":6,"172":6,"173":6,"174":6,"175":6,"176":6,"177":6,"178":6,"179":6,"180":6,"181":6,"182":6,"183":6,"184":6,"185":6,"186":6,"187":1,"188":1,"189":1,"190":1,"191":1,"192":7,"193":7,"194":7,"195":7,"196":7,"197":7,"198":7,"199":7,"200":7,"201":7,"202":1,"203":1,"204":1,"205":1,"206":1,"207":1,"208":1,"209":6,"210":6,"211":7,"212":7,"213":7,"214":7,"215":7,"216":7,"217":7,"218":7,"219":7,"220":7,"221":7,"222":7,"223":7,"224":7,"225":7,"226":7,"227":7,"228":7,"229":7,"230":25,"231":25,"232":25,"233":17,"234":7,"235":7,"236":7,"237":7,"238":7,"239":7,"240":7,"241":7,"242":7,"243":7,"244":7,"245":7,"246":7,"247":7,"248":7,"249":7,"250":7,"251":7,"252":7,"253":1,"254":1,"255":1,"256":1,"257":1,"258":1,"259":1,"260":5,"261":5,"262":5,"263":5,"264":5,"265":5,"266":5,"267":5,"268":4,"269":4,"270":4,"271":4,"272":4,"273":4,"274":5,"275":5,"276":5,"277":1,"278":1,"279":4,"280":4,"281":4,"282":4,"283":4,"284":4,"285":4,"286":4,"287":5,"288":5,"289":5,"290":5,"291":5,"292":5,"293":5,"294":5,"295":0,"296":5,"297":5,"298":5,"299":5,"300":5,"301":5,"302":5,"303":5,"304":5,"305":5,"306":1,"307":1,"308":1,"309":1,"310":1,"311":5,"312":5,"313":5,"314":5,"315":3,"316":3,"317":3,"318":3,"319":3,"320":3,"321":3,"322":1,"323":1,"324":1,"325":1,"326":1,"327":4,"328":4,"329":4,"330":4,"331":4,"332":2,"333":2,"334":2,"335":2,"336":2,"337":2,"338":2,"339":2,"340":1,"341":1,"342":1,"343":1,"344":1,"345":1,"346":1,"347":1,"348":1,"349":1,"350":1,"351":1,"352":4,"353":4,"354":4,"355":4,"356":4,"357":4,"358":1,"359":1,"360":1,"361":1,"362":1,"363":1,"364":1,"365":7,"366":7,"367":6,"368":6,"369":7,"370":7,"371":7,"372":7,"373":7,"374":7,"375":7,"376":1,"377":1,"378":5,"379":5,"380":5,"381":5,"382":5,"383":7,"384":7,"385":7,"386":1,"387":1,"388":5,"389":5,"390":5,"391":5,"392":5,"393":5,"394":5,"395":7,"396":7,"397":7,"398":7,"399":7,"400":7,"401":7,"402":7},"branchMap":{"0":{"type":"branch","line":20,"loc":{"start":{"line":20,"column":7},"end":{"line":32,"column":1}},"locations":[{"start":{"line":20,"column":7},"end":{"line":32,"column":1}}]},"1":{"type":"branch","line":21,"loc":{"start":{"line":21,"column":16},"end":{"line":21,"column":45}},"locations":[{"start":{"line":21,"column":16},"end":{"line":21,"column":45}}]},"2":{"type":"branch","line":21,"loc":{"start":{"line":21,"column":45},"end":{"line":21,"column":56}},"locations":[{"start":{"line":21,"column":45},"end":{"line":21,"column":56}}]},"3":{"type":"branch","line":21,"loc":{"start":{"line":21,"column":52},"end":{"line":22,"column":42}},"locations":[{"start":{"line":21,"column":52},"end":{"line":22,"column":42}}]},"4":{"type":"branch","line":22,"loc":{"start":{"line":22,"column":31},"end":{"line":22,"column":62}},"locations":[{"start":{"line":22,"column":31},"end":{"line":22,"column":62}}]},"5":{"type":"branch","line":22,"loc":{"start":{"line":22,"column":58},"end":{"line":22,"column":68}},"locations":[{"start":{"line":22,"column":58},"end":{"line":22,"column":68}}]},"6":{"type":"branch","line":23,"loc":{"start":{"line":23,"column":18},"end":{"line":23,"column":29}},"locations":[{"start":{"line":23,"column":18},"end":{"line":23,"column":29}}]},"7":{"type":"branch","line":23,"loc":{"start":{"line":23,"column":25},"end":{"line":28,"column":30}},"locations":[{"start":{"line":23,"column":25},"end":{"line":28,"column":30}}]},"8":{"type":"branch","line":28,"loc":{"start":{"line":28,"column":23},"end":{"line":28,"column":44}},"locations":[{"start":{"line":28,"column":23},"end":{"line":28,"column":44}}]},"9":{"type":"branch","line":28,"loc":{"start":{"line":28,"column":30},"end":{"line":32,"column":1}},"locations":[{"start":{"line":28,"column":30},"end":{"line":32,"column":1}}]},"10":{"type":"branch","line":47,"loc":{"start":{"line":47,"column":7},"end":{"line":54,"column":1}},"locations":[{"start":{"line":47,"column":7},"end":{"line":54,"column":1}}]},"11":{"type":"branch","line":48,"loc":{"start":{"line":48,"column":41},"end":{"line":48,"column":62}},"locations":[{"start":{"line":48,"column":41},"end":{"line":48,"column":62}}]},"12":{"type":"branch","line":48,"loc":{"start":{"line":48,"column":58},"end":{"line":48,"column":76}},"locations":[{"start":{"line":48,"column":58},"end":{"line":48,"column":76}}]},"13":{"type":"branch","line":49,"loc":{"start":{"line":49,"column":38},"end":{"line":49,"column":68}},"locations":[{"start":{"line":49,"column":38},"end":{"line":49,"column":68}}]},"14":{"type":"branch","line":49,"loc":{"start":{"line":49,"column":61},"end":{"line":50,"column":33}},"locations":[{"start":{"line":49,"column":61},"end":{"line":50,"column":33}}]},"15":{"type":"branch","line":50,"loc":{"start":{"line":50,"column":26},"end":{"line":51,"column":50}},"locations":[{"start":{"line":50,"column":26},"end":{"line":51,"column":50}}]},"16":{"type":"branch","line":51,"loc":{"start":{"line":51,"column":43},"end":{"line":52,"column":80}},"locations":[{"start":{"line":51,"column":43},"end":{"line":52,"column":80}}]},"17":{"type":"branch","line":52,"loc":{"start":{"line":52,"column":72},"end":{"line":54,"column":1}},"locations":[{"start":{"line":52,"column":72},"end":{"line":54,"column":1}}]},"18":{"type":"branch","line":59,"loc":{"start":{"line":59,"column":7},"end":{"line":63,"column":1}},"locations":[{"start":{"line":59,"column":7},"end":{"line":63,"column":1}}]},"19":{"type":"branch","line":60,"loc":{"start":{"line":60,"column":26},"end":{"line":60,"column":40}},"locations":[{"start":{"line":60,"column":26},"end":{"line":60,"column":40}}]},"20":{"type":"branch","line":60,"loc":{"start":{"line":60,"column":33},"end":{"line":61,"column":34}},"locations":[{"start":{"line":60,"column":33},"end":{"line":61,"column":34}}]},"21":{"type":"branch","line":61,"loc":{"start":{"line":61,"column":27},"end":{"line":61,"column":41}},"locations":[{"start":{"line":61,"column":27},"end":{"line":61,"column":41}}]},"22":{"type":"branch","line":61,"loc":{"start":{"line":61,"column":34},"end":{"line":63,"column":1}},"locations":[{"start":{"line":61,"column":34},"end":{"line":63,"column":1}}]},"23":{"type":"branch","line":70,"loc":{"start":{"line":70,"column":7},"end":{"line":143,"column":1}},"locations":[{"start":{"line":70,"column":7},"end":{"line":143,"column":1}}]},"24":{"type":"branch","line":83,"loc":{"start":{"line":83,"column":44},"end":{"line":83,"column":87}},"locations":[{"start":{"line":83,"column":44},"end":{"line":83,"column":87}}]},"25":{"type":"branch","line":85,"loc":{"start":{"line":85,"column":22},"end":{"line":92,"column":3}},"locations":[{"start":{"line":85,"column":22},"end":{"line":92,"column":3}}]},"26":{"type":"branch","line":92,"loc":{"start":{"line":92,"column":2},"end":{"line":97,"column":32}},"locations":[{"start":{"line":92,"column":2},"end":{"line":97,"column":32}}]},"27":{"type":"branch","line":97,"loc":{"start":{"line":97,"column":23},"end":{"line":97,"column":54}},"locations":[{"start":{"line":97,"column":23},"end":{"line":97,"column":54}}]},"28":{"type":"branch","line":97,"loc":{"start":{"line":97,"column":32},"end":{"line":97,"column":83}},"locations":[{"start":{"line":97,"column":32},"end":{"line":97,"column":83}}]},"29":{"type":"branch","line":97,"loc":{"start":{"line":97,"column":54},"end":{"line":97,"column":83}},"locations":[{"start":{"line":97,"column":54},"end":{"line":97,"column":83}}]},"30":{"type":"branch","line":97,"loc":{"start":{"line":97,"column":67},"end":{"line":97,"column":85}},"locations":[{"start":{"line":97,"column":67},"end":{"line":97,"column":85}}]},"31":{"type":"branch","line":98,"loc":{"start":{"line":98,"column":26},"end":{"line":98,"column":51}},"locations":[{"start":{"line":98,"column":26},"end":{"line":98,"column":51}}]},"32":{"type":"branch","line":101,"loc":{"start":{"line":101,"column":24},"end":{"line":101,"column":57}},"locations":[{"start":{"line":101,"column":24},"end":{"line":101,"column":57}}]},"33":{"type":"branch","line":111,"loc":{"start":{"line":111,"column":26},"end":{"line":112,"column":45}},"locations":[{"start":{"line":111,"column":26},"end":{"line":112,"column":45}}]},"34":{"type":"branch","line":112,"loc":{"start":{"line":112,"column":28},"end":{"line":113,"column":46}},"locations":[{"start":{"line":112,"column":28},"end":{"line":113,"column":46}}]},"35":{"type":"branch","line":114,"loc":{"start":{"line":114,"column":38},"end":{"line":115,"column":71}},"locations":[{"start":{"line":114,"column":38},"end":{"line":115,"column":71}}]},"36":{"type":"branch","line":115,"loc":{"start":{"line":115,"column":69},"end":{"line":116,"column":8}},"locations":[{"start":{"line":115,"column":69},"end":{"line":116,"column":8}}]},"37":{"type":"branch","line":121,"loc":{"start":{"line":121,"column":37},"end":{"
[...]
lumn":13}},"265":{"start":{"line":266,"column":0},"end":{"line":266,"column":63}},"266":{"start":{"line":267,"column":0},"end":{"line":267,"column":0}},"267":{"start":{"line":268,"column":0},"end":{"line":268,"column":17}},"268":{"start":{"line":269,"column":0},"end":{"line":269,"column":35}},"269":{"start":{"line":270,"column":0},"end":{"line":270,"column":37}},"270":{"start":{"line":271,"column":0},"end":{"line":271,"column":54}},"271":{"start":{"line":272,"column":0},"end":{"line":272,"column":0}},"272":{"start":{"line":273,"column":0},"end":{"line":273,"column":55}},"273":{"start":{"line":274,"column":0},"end":{"line":274,"column":53}},"274":{"start":{"line":275,"column":0},"end":{"line":275,"column":72}},"275":{"start":{"line":276,"column":0},"end":{"line":276,"column":3}},"276":{"start":{"line":277,"column":0},"end":{"line":277,"column":0}},"277":{"start":{"line":278,"column":0},"end":{"line":278,"column":41}},"278":{"start":{"line":279,"column":0},"end":{"line":279,"column":85}},"279":{"start":{"line":280,"column":0},"end":{"line":280,"column":1}},"280":{"start":{"line":281,"column":0},"end":{"line":281,"column":0}},"281":{"start":{"line":282,"column":0},"end":{"line":282,"column":3}},"282":{"start":{"line":283,"column":0},"end":{"line":283,"column":20}},"283":{"start":{"line":284,"column":0},"end":{"line":284,"column":40}},"284":{"start":{"line":285,"column":0},"end":{"line":285,"column":2}},"285":{"start":{"line":286,"column":0},"end":{"line":286,"column":27}},"286":{"start":{"line":287,"column":0},"end":{"line":287,"column":18}},"287":{"start":{"line":288,"column":0},"end":{"line":288,"column":3}},"288":{"start":{"line":289,"column":0},"end":{"line":289,"column":64}},"289":{"start":{"line":290,"column":0},"end":{"line":290,"column":22}},"290":{"start":{"line":291,"column":0},"end":{"line":291,"column":21}},"291":{"start":{"line":292,"column":0},"end":{"line":292,"column":21}},"292":{"start":{"line":293,"column":0},"end":{"line":293,"column":23}},"293":{"start":{"line":294,"column":0},"end":{"line":294,"column":23}},"294":{"start":{"line":295,"column":0},"end":{"line":295,"column":3}},"295":{"start":{"line":296,"column":0},"end":{"line":296,"column":52}},"296":{"start":{"line":297,"column":0},"end":{"line":297,"column":10}},"297":{"start":{"line":298,"column":0},"end":{"line":298,"column":34}},"298":{"start":{"line":299,"column":0},"end":{"line":299,"column":34}},"299":{"start":{"line":300,"column":0},"end":{"line":300,"column":34}},"300":{"start":{"line":301,"column":0},"end":{"line":301,"column":36}},"301":{"start":{"line":302,"column":0},"end":{"line":302,"column":35}},"302":{"start":{"line":303,"column":0},"end":{"line":303,"column":4}},"303":{"start":{"line":304,"column":0},"end":{"line":304,"column":1}},"304":{"start":{"line":305,"column":0},"end":{"line":305,"column":0}},"305":{"start":{"line":306,"column":0},"end":{"line":306,"column":38}}},"s":{"0":1,"1":1,"2":1,"3":1,"4":1,"5":1,"6":1,"7":1,"8":1,"9":1,"10":1,"11":1,"12":1,"13":1,"14":1,"15":1,"16":1,"17":1,"18":1,"19":1,"20":1,"21":1,"22":1,"23":1,"24":1,"25":1,"26":1,"27":1,"28":1,"29":1,"30":1,"31":1,"32":1,"33":1,"34":1,"35":1,"36":1,"37":1,"38":1,"39":1,"40":1,"41":1,"42":1,"43":1,"44":1,"45":1,"46":1,"47":1,"48":37,"49":37,"50":4,"51":37,"52":5,"53":33,"54":28,"55":28,"56":37,"57":1,"58":1,"59":1,"60":1,"61":1,"62":1,"63":5,"64":5,"65":5,"66":5,"67":5,"68":3,"69":3,"70":2,"71":2,"72":2,"73":2,"74":1,"75":1,"76":1,"77":1,"78":1,"79":1,"80":27,"81":27,"82":27,"83":27,"84":27,"85":27,"86":27,"87":16,"88":16,"89":16,"90":16,"91":16,"92":11,"93":11,"94":27,"95":27,"96":27,"97":1,"98":1,"99":1,"100":1,"101":1,"102":1,"103":1,"104":5,"105":5,"106":5,"107":5,"108":5,"109":5,"110":0,"111":0,"112":0,"113":0,"114":0,"115":0,"116":0,"117":0,"118":5,"119":5,"120":5,"121":5,"122":5,"123":5,"124":8,"125":5,"126":5,"127":5,"128":5,"129":6,"130":5,"131":5,"132":5,"133":5,"134":5,"135":5,"136":5,"137":5,"138":5,"139":5,"140":5,"141":5,"142":5,"143":5,"144":1,"145":1,"146":1,"147":1,"148":1,"149":17,"150":17,"151":17,"152":17,"153":17,"154":17,"155":17,"156":17,"157":17,"158":4,"159":4,"160":4,"161":4,"162":4,"163":4,"164":4,"165":4,"166":13,"167":13,"168":13,"169":13,"170":13,"171":17,"172":5,"173":5,"174":5,"175":5,"176":5,"177":5,"178":5,"179":5,"180":5,"181":5,"182":8,"183":8,"184":17,"185":3,"186":3,"187":3,"188":3,"189":3,"190":3,"191":3,"192":3,"193":3,"194":3,"195":5,"196":5,"197":17,"198":4,"199":4,"200":4,"201":4,"202":4,"203":1,"204":1,"205":1,"206":4,"207":4,"208":4,"209":4,"210":4,"211":4,"212":4,"213":4,"214":4,"215":4,"216":4,"217":4,"218":4,"219":1,"220":1,"221":1,"222":1,"223":1,"224":1,"225":1,"226":1,"227":1,"228":1,"229":1,"230":1,"231":1,"232":1,"233":1,"234":1,"235":1,"236":1,"237":1,"238":1,"239":1,"240":1,"241":1,"242":1,"243":1,"244":1,"245":1,"246":1,"247":1,"248":25,"249":25,"250":25,"251":25,"252":3,"253":3,"254":3,"255":3,"256":3,"257":3,"258":3,"259":3,"260":22,"261":22,"262":25,"263":25,"264":25,"265":25,"266":25,"267":25,"268":25,"269":3,"270":2,"271":25,"272":25,"273":25,"274":5,"275":5,"276":17,"277":17,"278":17,"279":17,"280":1,"281":1,"282":1,"283":1,"284":1,"285":1,"286":1,"287":1,"288":1,"289":2,"290":2,"291":2,"292":2,"293":2,"294":2,"295":2,"296":2,"297":2,"298":2,"299":2,"300":2,"301":2,"302":2,"303":2,"304":1,"305":1},"branchMap":{"0":{"type":"branch","line":48,"loc":{"start":{"line":48,"column":37},"end":{"line":57,"column":2}},"locations":[{"start":{"line":48,"column":37},"end":{"line":57,"column":2}}]},"1":{"type":"branch","line":50,"loc":{"start":{"line":50,"column":22},"end":{"line":52,"column":13}},"locations":[{"start":{"line":50,"column":22},"end":{"line":52,"column":13}}]},"2":{"type":"branch","line":52,"loc":{"start":{"line":52,"column":2},"end":{"line":56,"column":3}},"locations":[{"start":{"line":52,"column":2},"end":{"line":56,"column":3}}]},"3":{"type":"branch","line":52,"loc":{"start":{"line":52,"column":28},"end":{"line":54,"column":9}},"locations":[{"start":{"line":52,"column":28},"end":{"line":54,"column":9}}]},"4":{"type":"branch","line":54,"loc":{"start":{"line":54,"column":2},"end":{"line":56,"column":3}},"locations":[{"start":{"line":54,"column":2},"end":{"line":56,"column":3}}]},"5":{"type":"branch","line":63,"loc":{"start":{"line":63,"column":33},"end":{"line":74,"column":2}},"locations":[{"start":{"line":63,"column":33},"end":{"line":74,"column":2}}]},"6":{"type":"branch","line":66,"loc":{"start":{"line":66,"column":17},"end":{"line":66,"column":62}},"locations":[{"start":{"line":66,"column":17},"end":{"line":66,"column":62}}]},"7":{"type":"branch","line":66,"loc":{"start":{"line":66,"column":39},"end":{"line":66,"column":62}},"locations":[{"start":{"line":66,"column":39},"end":{"line":66,"column":62}}]},"8":{"type":"branch","line":66,"loc":{"start":{"line":66,"column":57},"end":{"line":66,"column":64}},"locations":[{"start":{"line":66,"column":57},"end":{"line":66,"column":64}}]},"9":{"type":"branch","line":68,"loc":{"start":{"line":68,"column":20},"end":{"line":70,"column":3}},"locations":[{"start":{"line":68,"column":20},"end":{"line":70,"column":3}}]},"10":{"type":"branch","line":70,"loc":{"start":{"line":70,"column":2},"end":{"line":74,"column":2}},"locations":[{"start":{"line":70,"column":2},"end":{"line":74,"column":2}}]},"11":{"type":"branch","line":80,"loc":{"start":{"line":80,"column":32},"end":{"line":97,"column":2}},"locations":[{"start":{"line":80,"column":32},"end":{"line":97,"column":2}}]},"12":{"type":"branch","line":85,"loc":{"start":{"line":85,"column":30},"end":{"line":85,"column":81}},"locations":[{"start":{"line":85,"column":30},"end":{"line":85,"column":81}}]},"13":{"type":"branch","line":85,"loc":{"start":{"line":85,"column":53},"end":{"line":85,"column":81}},"locations":[{"start":{"line":85,"column":53},"end":{"line":85,"column":81}}]},"14":{"type":"branch","line":87,"loc":{"start":{"line":87,"column":6},"end":{"line":87,"column":30}},"locations":[{"start":{"line":87,"column":6},"end":{"line":87,"column":30}}]},"15":{"type":"branch","line":87,"loc":{"start":{"line":87,"column":30},"end":{"line":92,"column":3}},"locations":[{"start":{"line":87,"column":30},"end":{"line":92,"column":3}}]},"16":{"type":"branch","line":91,"loc":{"start":{"line":91,"column":11},"end":{"line":91,"column":35}},"locations":[{"start":{"line":91,"column":11},"end":{"line":91,"column":35}}]},"17":{"type":"branch","line":91,"loc":{"start":{"line":91,"column":24},"end":{"line":91,"column":38}},"locations":[{"start":{"line":91,"column":24},"end":{"line":91,"column":38}}]},"18":{"type":"branch","line":92,"loc":{"start":{"line":92,"column":2},"end":{"line":95,"column":37}},"locations":[{"start":{"line":92,"column":2},"end":{"line":95,"column":37}}]},"19":{"type":"branch","line":95,"loc":{"start":{"line":95,"column":25},"end":{"line":95,"column":40}},"locations":[{"start":{"line":95,"column":25},"end":{"line":95,"column":40}}]},"20":{"type":"branch","line":89,"loc":{"start":{"line":89,"column":6},"end":{"line":89,"column":58}},"locations":[{"start":{"line":89,"column":6},"end":{"line":89,"column":58}}]},"21":{"type":"branch","line":96,"loc":{"start":{"line":96,"column":25},"end":{"line":96,"column":62}},"locations":[{"start":{"line":96,"column":25},"end":{"line":96,"column":62}}]},"22":{"type":"branch","line":104,"loc":{"start":{"line":104,"column":38},"end":{"line":144,"column":2}},"locations":[{"start":{"line":104,"column":38},"end":{"line":144,"column":2}}]},"23":{"type":"branch","line":110,"loc":{"start":{"line":110,"column":22},"end":{"line":118,"column":3}},"locations":[{"start":{"line":110,"column":22},"end":{"line":118,"column":3}}]},"24":{"type":"branch","line":120,"loc":{"start":{"line":120,"column":67},"end":{"line":120,"column":85}},"locations":[{"start":{"line":120,"column":67},"end":{"line":120,"column":85}}]},"25":{"type":"branch","line":123,"loc":{"start":{"line":123,"column":26},"end":{"line":123,"column":43}},"locations":[{"start":{"line":123,"column":26},"end":{"line":123,"column":43}}]},"26":{"type":"branch","line":124,"loc":{"start":{"line":124,"column":44},"end":{"line":125,"column":86}},"locations":[{"start":{"line":124,"column":44},"end":{"line":125,"column":86}}]},"27":{"type":"branch","line":125,"loc":{"start":{"line":125,"column":43},"end":{"line":125,"column":86}},"locations":[{"start":{"line":125,"column":43},"end":{"line":125,"column":86}}]},"28":{"type":"branch","line":129,"loc":{"start":{"line":129,"column":44},"end":{"line":131,"column":5}},"locations":[{"start":{"line":129,"column":44},"end":{"line":131,"column":5}}]},"29":{"type":"branch","line":130,"loc":{"start":{"line":130,"column":21},"end":{"line":130,"column":39}},"locations":[{"start":{"line":130,"column":21},"end":{"line":130,"column":39}}]},"30":{"type":"branch","line":130,"loc":{"start":{"line":130,"column":41},"end":{"line":130,"column":57}},"locations":[{"start":{"line":130,"column":41},"end":{"line":130,"column":57}}]},"31":{"type":"branch","line":149,"loc":{"start":{"line":149,"column":38},"end":{"line":229,"column":2}},"locations":[{"start":{"line":149,"column":38},"end":{"line":229,"column":2}}]},"32":{"type":"branch","line":155,"loc":{"start":{"line":155,"column":30},"end":{"line":155,"column":81}},"locations":[{"start":{"line":155,"column":30},"end":{"line":155,"column":81}}]},"33":{"type":"branch","line":155,"loc":{"start":{"line":155,"column":53},"end":{"line":155,"column":81}},"locations":[{"start":{"line":155,"column":53},"end":{"line":155,"column":81}}]},"34":{"type":"branch","line":158,"loc":{"start":{"line":158,"column":22},"end":{"line":166,"column":3}},"locations":[{"start":{"line":158,"column":22},"end":{"line":166,"column":3}}]},"35":{"type":"branch","line":166,"loc":{"start":{"line":166,"column":2},"end":{"line":172,"column":24}},"locations":[{"start":{"line":166,"column":2},"end":{"line":172,"column":24}}]},"36":{"type":"branch","line":172,"loc":{"start":{"line":172,"column":24},"end":{"line":182,"column":3}},"locations":[{"start":{"line":172,"column":24},"end":{"line":182,"column":3}}]},"37":{"type":"branch","line":173,"loc":{"start":{"line":173,"column":35},"end":{"line":173,"column":54}},"locations":[{"start":{"line":173,"column":35},"end":{"line":173,"column":54}}]},"38":{"type":"branch","line":182,"loc":{"start":{"line":182,"column":2},"end":{"line":185,"column":27}},"locations":[{"start":{"line":182,"column":2},"end":{"line":185,"column":27}}]},"39":{"type":"branch","line":185,"loc":{"start":{"line":185,"column":27},"end":{"line":195,"column":3}},"locations":[{"start":{"line":185,"column":27},"end":{"line":195,"column":3}}]},"40":{"type":"branch","line":186,"loc":{"start":{"line":186,"column":60},"end":{"line":186,"column":84}},"locations":[{"start":{"line":186,"column":60},"end":{"line":186,"column":84}}]},"41":{"type":"branch","line":195,"loc":{"start":{"line":195,"column":2},"end":{"line":198,"column":27}},"locations":[{"start":{"line":195,"column":2},"end":{"line":198,"column":27}}]},"42":{"type":"branch","line":198,"loc":{"start":{"line":198,"column":27},"end":{"line":219,"column":3}},"locations":[{"start":{"line":198,"column":27},"end":{"line":219,"column":3}}]},"43":{"type":"branch","line":200,"loc":{"start":{"line":200,"column":36},"end":{"line":200,"column":58}},"locations":[{"start":{"line":200,"column":36},"end":{"line":200,"column":58}}]},"44":{"type":"branch","line":203,"loc":{"start":{"line":203,"column":24},"end":{"line":203,"column":61}},"locations":[{"start":{"line":203,"column":24},"end":{"line":203,"column":61}}]},"45":{"type":"branch","line":203,"loc":{"start":{"line":203,"column":61},"end":{"line":206,"column":5}},"locations":[{"start":{"line":203,"column":61},"end":{"line":206,"column":5}}]},"46":{"type":"branch","line":204,"loc":{"start":{"line":204,"column":37},"end":{"line":204,"column":69}},"locations":[{"start":{"line":204,"column":37},"end":{"line":204,"column":69}}]},"47":{"type":"branch","line":204,"loc":{"start":{"line":204,"column":56},"end":{"line":204,"column":71}},"locations":[{"start":{"line":204,"column":56},"end":{"line":204,"column":71}}]},"48":{"type":"branch","line":212,"loc":{"start":{"line":212,"column":34},"end":{"line":212,"column":64}},"locations":[{"start":{"line":212,"column":34},"end":{"line":212,"column":64}}]},"49":{"type":"branch","line":215,"loc":{"start":{"line":215,"column":33},"end":{"line":215,"column":64}},"locations":[{"start":{"line":215,"column":33},"end":{"line":215,"column":64}}]},"50":{"type":"branch","line":216,"loc":{"start":{"line":216,"column":33},"end":{"line":216,"column":51}},"locations":[{"start":{"line":216,"column":33},"end":{"line":216,"column":51}}]},"51":{"type":"branch","line":216,"loc":{"start":{"line":216,"column":37},"end":{"line":216,"column":61}},"locations":[{"start":{"line":216,"column":37},"end":{"line":216,"column":61}}]},"52":{"type":"branch","line":219,"loc":{"start":{"line":219,"column":2},"end":{"line":229,"column":2}},"locations":[{"start":{"line":219,"column":2},"end":{"line":229,"column":2}}]},"53":{"type":"branch","line":169,"loc":{"start":{"line":169,"column":42},"end":{"line":169,"column":89}},"locations":[{"start":{"line":169,"column":42},"end":{"line":169,"column":89}}]},"54":{"type":"branch","line":169,"loc":{"start":{"line":169,"column":76},"end":{"line":169,"column":89}},"locations":[{"start":{"line":169,"column":76},"end":{"line":169,"column":89}}]},"55":{"type":"branch","line":248,"loc":{"start":{"line":248,"column":7},"end":{"line":280,"column":1}},"locations":[{"start":{"line":248,"column":7},"end":{"line":280,"column":1}}]},"56":{"type":"branch","line":252,"loc":{"start":{"line":252,"column":13},"end":{"line":260,"column":3}},"locations":[{"start":{"line":252,"column":13},"end":{"line":260,"column":3}}]},"57":{"type":"branch","line":260,"loc":{"start":{"line":260,"column":2},"end":{"line":263,"column":34}},"locations":[{"start":{"line":260,"column":2},"end":{"line":263,"column":34}}]},"58":{"type":"branch","line":263,"loc":{"start":{"line":263,"column":25},"end":{"line":263,"column":52}},"locations":[{"start":{"line":263,"column":25},"end":{"line":263,"column":52}}]},"59":{"type":"branch","line":263,"loc":{"start":{"line":263,"column":34},"end":{"line":263,"column":76}},"locations":[{"start":{"line":263,"column":34},"end":{"line":263,"column":76}}]},"60":{"type":"branch","line":269,"loc":{"start":{"line":269,"column":24},"end":{"line":271,"column":54}},"locations":[{"start":{"line":269,"column":24},"end":{"line":271,"column":54}}]},"61":{"type":"branch","line":270,"loc":{"start":{"line":270,"column":10},"end":{"line":270,"column":37}},"locations":[{"start":{"line":270,"column":10},"end":{"line":270,"column":37}}]},"62":{"type":"branch","line":270,"loc":{"start":{"line":270,"column":26},"end":{"line":271,"column":54}},"locations":[{"start":{"line":270,"column":26},"end":{"line":271,"column":54}}]},"63":{"type":"branch","line":271,"loc":{"start":{"line":271,"column":10},"end":{"line":271,"column":42}},"locations":[{"start":{"line":271,"column":10},"end":{"line":271,"column":42}}]},"64":{"type":"branch","line":271,"loc":{"start":{"line":271,"column":28},"end":{"line":271,"column":54}},"locations":[{"start":{"line":271,"column":28},"end":{"line":271,"column":54}}]},"65":{"type":"branch","line":274,"loc":{"start":{"line":274,"column":19},"end":{"line":274,"column":52}},"locations":[{"start":{"line":274,"column":19},"end":{"line":274,"column":52}}]},"66":{"type":"branch","line":274,"loc":{"start":{"line":274,"column":52},"end":{"line":276,"column":3}},"locations":[{"start":{"line":274,"column":52},"end":{"line":276,"column":3}}]},"67":{"type":"branch","line":276,"loc":{"start":{"line":276,"column":2},"end":{"line":280,"column":1}},"locations":[{"start":{"line":276,"column":2},"end":{"line":280,"column":1}}]},"68":{"type":"branch","line":289,"loc":{"start":{"line":289,"column":7},"end":{"line":304,"column":1}},"locations":[{"start":{"line":289,"column":7},"end":{"line":304,"column":1}}]}},"b":{"0":[37],"1":[4],"2":[33],"3":[5],"4":[28],"5":[5],"6":[4],"7":[2],"8":[1],"9":[3],"10":[2],"11":[27],"12":[12],"13":[1],"14":[16],"15":[16],"16":[12],"17":[4],"18":[11],"19":[10],"20":[13],"21":[2],"22":[5],"23":[0],"24":[0],"25":[0],"26":[8],"27":[7],"28":[6],"29":[0],"30":[3],"31":[17],"32":[4],"33":[0],"34":[4],"35":[13],"36":[5],"37":[0],"38":[8],"39":[3],"40":[0],"41":[5],"42":[4],"43":[2],"44":[2],"45":[1],"46":[0],"47":[0],"48":[3],"49":[3],"50":[3],"51":[1],"52":[1],"53":[12],"54":[5],"55":[25],"56":[3],"57":[22],"58":[21],"59":[1],"60":[3],"61":[1],"62":[2],"63":[1],"64":[1],"65":[6],"66":[5],"67":[17],"68":[2]},"fnMap":{"0":{"name":"formatNumberPrecision","decl":{"start":{"line":48,"column":37},"end":{"line":57,"column":2}},"loc":{"start":{"line":48,"column":37},"end":{"line":57,"column":2}},"line":48},"1":{"name":"getSimulatedToday","decl":{"start":{"line":63,"column":33},"end":{"line":74,"column":2}},"loc":{"start":{"line":63,"column":33},"end":{"line":74,"column":2}},"line":63},"2":{"name":"getTodayCheckIns","decl":{"start":{"line":80,"column":32},"end":{"line":97,"column":2}},"loc":{"start":{"line":80,"column":32},"end":{"line":97,"column":2}},"line":80},"3":{"name":"calculateNumericTodayProgress","decl":{"start":{"line":104,"column":38},"end":{"line":144,"column":2}},"loc":{"start":{"line":104,"column":38},"end":{"line":144,"column":2}},"line":104},"4":{"name":"calculateCheckInTodayProgress","decl":{"start":{"line":149,"column":38},"end":{"line":229,"column":2}},"loc":{"start":{"line":149,"column":38},"end":{"line":229,"column":2}},"line":149},"5":{"name":"calculateTodayProgress","decl":{"start":{"line":248,"column":7},"end":{"line":280,"column":1}},"loc":{"start":{"line":248,"column":7},"end":{"line":280,"column":1}},"line":248},"6":{"name":"getTodayCheckInStatusForTask","decl":{"start":{"line":289,"column":7},"end":{"line":304,"column":1}},"loc":{"start":{"line":289,"column":7},"end":{"line":304,"column":1}},"line":289}},"f":{"0":37,"1":5,"2":27,"3":5,"4":17,"5":25,"6":2}}
}
